Copyright 1986-2021 Xilinx, Inc. All Rights Reserved.
------------------------------------------------------------------------------------
| Tool Version : Vivado v.2021.1 (win64) Build 3247384 Thu Jun 10 19:36:33 MDT 2021
| Date         : Thu Nov 23 08:26:01 2023
| Host         : xiaoxin running 64-bit major release  (build 9200)
| Command      : report_clock_utilization -file top_clock_utilization_routed.rpt
| Design       : top
| Device       : 7a100t-csg324
| Speed File   : -1  PRODUCTION 1.23 2018-06-13
| Design State : Routed
------------------------------------------------------------------------------------

Clock Utilization Report

Table of Contents
-----------------
1. Clock Primitive Utilization
2. Global Clock Resources
3. Global Clock Source Details
4. Local Clock Details
5. Clock Regions: Key Resource Utilization
6. Clock Regions : Global Clock Summary
7. Device Cell Placement Summary for Global Clock g0
8. Device Cell Placement Summary for Global Clock g1
9. Device Cell Placement Summary for Global Clock g2
10. Device Cell Placement Summary for Global Clock g3
11. Device Cell Placement Summary for Global Clock g4
12. Device Cell Placement Summary for Global Clock g5
13. Device Cell Placement Summary for Global Clock g6
14. Device Cell Placement Summary for Global Clock g7
15. Clock Region Cell Placement per Global Clock: Region X0Y0
16. Clock Region Cell Placement per Global Clock: Region X1Y0
17. Clock Region Cell Placement per Global Clock: Region X0Y1
18. Clock Region Cell Placement per Global Clock: Region X1Y1
19. Clock Region Cell Placement per Global Clock: Region X1Y2

1. Clock Primitive Utilization
------------------------------

+----------+------+-----------+-----+--------------+--------+
| Type     | Used | Available | LOC | Clock Region | Pblock |
+----------+------+-----------+-----+--------------+--------+
| BUFGCTRL |    8 |        32 |   0 |            0 |      0 |
| BUFH     |    0 |        96 |   0 |            0 |      0 |
| BUFIO    |    0 |        24 |   0 |            0 |      0 |
| BUFMR    |    0 |        12 |   0 |            0 |      0 |
| BUFR     |    0 |        24 |   0 |            0 |      0 |
| MMCM     |    1 |         6 |   0 |            0 |      0 |
| PLL      |    0 |         6 |   0 |            0 |      0 |
+----------+------+-----------+-----+--------------+--------+


2. Global Clock Resources
-------------------------

+-----------+-----------+-----------------+------------+----------------+--------------+-------------------+-------------+-----------------+--------------+---------------------------------+------------------------------------------------------------------+----------------------------------------------------------------------------------------+
| Global Id | Source Id | Driver Type/Pin | Constraint | Site           | Clock Region | Load Clock Region | Clock Loads | Non-Clock Loads | Clock Period | Clock                           | Driver Pin                                                       | Net                                                                                    |
+-----------+-----------+-----------------+------------+----------------+--------------+-------------------+-------------+-----------------+--------------+---------------------------------+------------------------------------------------------------------+----------------------------------------------------------------------------------------+
| g0        | src0      | BUFG/O          | None       | BUFGCTRL_X0Y0  | n/a          |                 2 |         225 |               1 |       40.000 | clk_out3_clock_PLL_100_50_25MHz | camera_vga_display_top/clock_PLL_100_50_25MHz/inst/clkout3_buf/O | camera_vga_display_top/clock_PLL_100_50_25MHz/inst/clk_out3                            |
| g1        | src1      | BUFG/O          | None       | BUFGCTRL_X0Y1  | n/a          |                 1 |         102 |               0 |              |                                 | clk1k_BUFG_inst/O                                                | clk1k_BUFG                                                                             |
| g2        | src2      | BUFG/O          | None       | BUFGCTRL_X0Y16 | n/a          |                 3 |         101 |               0 |       10.000 | sys_clk_pin                     | clk_IBUF_BUFG_inst/O                                             | clk_IBUF_BUFG                                                                          |
| g3        | src3      | BUFG/O          | None       | BUFGCTRL_X0Y4  | n/a          |                 3 |          95 |               0 |       20.000 | clk_out2_clock_PLL_100_50_25MHz | camera_vga_display_top/clock_PLL_100_50_25MHz/inst/clkout2_buf/O | camera_vga_display_top/clock_PLL_100_50_25MHz/inst/clk_out2                            |
| g4        | src4      | BUFG/O          | None       | BUFGCTRL_X0Y2  | n/a          |                 2 |          64 |               0 |              |                                 | pclk_IBUF_BUFG_inst/O                                            | pclk_IBUF_BUFG                                                                         |
| g5        | src5      | BUFG/O          | None       | BUFGCTRL_X0Y3  | n/a          |                 1 |          56 |               0 |              |                                 | cnt_message_reg[4]_i_4/O                                         | cnt_message_reg[4]_i_4_n_0                                                             |
| g6        | src6      | BUFG/O          | None       | BUFGCTRL_X0Y5  | n/a          |                 1 |          37 |               0 |              |                                 | count_reg[2]_i_3/O                                               | p_1_in                                                                                 |
| g7        | src7      | BUFG/O          | None       | BUFGCTRL_X0Y6  | n/a          |                 1 |           1 |               0 |       10.000 | clkfbout_clock_PLL_100_50_25MHz | camera_vga_display_top/clock_PLL_100_50_25MHz/inst/clkf_buf/O    | camera_vga_display_top/clock_PLL_100_50_25MHz/inst/clkfbout_buf_clock_PLL_100_50_25MHz |
+-----------+-----------+-----------------+------------+----------------+--------------+-------------------+-------------+-----------------+--------------+---------------------------------+------------------------------------------------------------------+----------------------------------------------------------------------------------------+
* Clock Loads column represents the clock pin loads (pin count)
** Non-Clock Loads column represents the non-clock pin loads (pin count)


3. Global Clock Source Details
------------------------------

+-----------+-----------+---------------------+------------+-----------------+--------------+-------------+-----------------+---------------------+---------------------------------+---------------------------------------------------------------------------+------------------------------------------------------------------------------------+
| Source Id | Global Id | Driver Type/Pin     | Constraint | Site            | Clock Region | Clock Loads | Non-Clock Loads | Source Clock Period | Source Clock                    | Driver Pin                                                                | Net                                                                                |
+-----------+-----------+---------------------+------------+-----------------+--------------+-------------+-----------------+---------------------+---------------------------------+---------------------------------------------------------------------------+------------------------------------------------------------------------------------+
| src0      | g0        | MMCME2_ADV/CLKOUT2  | None       | MMCME2_ADV_X0Y0 | X0Y0         |           1 |               0 |              40.000 | clk_out3_clock_PLL_100_50_25MHz | camera_vga_display_top/clock_PLL_100_50_25MHz/inst/mmcm_adv_inst/CLKOUT2  | camera_vga_display_top/clock_PLL_100_50_25MHz/inst/clk_out3_clock_PLL_100_50_25MHz |
| src1      | g1        | FDCE/Q              | None       | SLICE_X51Y95    | X0Y1         |           1 |               1 |                     |                                 | frequency_division/clk1k_reg/Q                                            | frequency_division/clk1k                                                           |
| src2      | g2        | IBUF/O              | IOB_X1Y126 | IOB_X1Y126      | X1Y2         |           1 |               0 |              10.000 | sys_clk_pin                     | clk_IBUF_inst/O                                                           | clk_IBUF                                                                           |
| src3      | g3        | MMCME2_ADV/CLKOUT1  | None       | MMCME2_ADV_X0Y0 | X0Y0         |           1 |               0 |              20.000 | clk_out2_clock_PLL_100_50_25MHz | camera_vga_display_top/clock_PLL_100_50_25MHz/inst/mmcm_adv_inst/CLKOUT1  | camera_vga_display_top/clock_PLL_100_50_25MHz/inst/clk_out2_clock_PLL_100_50_25MHz |
| src4      | g4        | IBUF/O              | IOB_X1Y111 | IOB_X1Y111      | X1Y2         |           1 |               0 |                     |                                 | pclk_IBUF_inst/O                                                          | pclk_IBUF                                                                          |
| src5      | g5        | FDRE/Q              | None       | SLICE_X52Y96    | X1Y1         |           1 |               1 |                     |                                 | password_in/bluetooth/frequency_1_2/clk50m_reg/Q                          | password_in/bluetooth/frequency_1_2/clk50m_reg_0                                   |
| src6      | g6        | FDRE/Q              | None       | SLICE_X10Y78    | X0Y1         |           1 |               1 |                     |                                 | password_in/bluetooth/uart_r_1/message_reg[7]/Q                           | password_in/bluetooth/uart_r_1/Q[4]                                                |
| src7      | g7        | MMCME2_ADV/CLKFBOUT | None       | MMCME2_ADV_X0Y0 | X0Y0         |           1 |               0 |              10.000 | clkfbout_clock_PLL_100_50_25MHz | camera_vga_display_top/clock_PLL_100_50_25MHz/inst/mmcm_adv_inst/CLKFBOUT | camera_vga_display_top/clock_PLL_100_50_25MHz/inst/clkfbout_clock_PLL_100_50_25MHz |
+-----------+-----------+---------------------+------------+-----------------+--------------+-------------+-----------------+---------------------+---------------------------------+---------------------------------------------------------------------------+------------------------------------------------------------------------------------+
* Clock Loads column represents the clock pin loads (pin count)
** Non-Clock Loads column represents the non-clock pin loads (pin count)


4. Local Clock Details
----------------------

+----------+-----------------+------------+------------------+--------------+-------------+-----------------+--------------+-------+--------------------------------+--------------------------------+
| Local Id | Driver Type/Pin | Constraint | Site/BEL         | Clock Region | Clock Loads | Non-Clock Loads | Clock Period | Clock | Driver Pin                     | Net                            |
+----------+-----------------+------------+------------------+--------------+-------------+-----------------+--------------+-------+--------------------------------+--------------------------------||
| 0        | FDCE/Q          | None       | SLICE_X3Y68/AFF  | X0Y1         |          18 |               1 |              |       | frequency_division/clk2k_reg/Q | frequency_division/CLK         - Static -
| 1        | FDCE/Q          | None       | SLICE_X5Y75/AFF  | X0Y1         |           4 |               1 |              |       | frequency_division/clk4k_reg/Q | frequency_division/clk4k_reg_0 - Static -
| 2        | FDCE/Q          | None       | SLICE_X10Y73/AFF | X0Y1         |           3 |               1 |              |       | frequency_division/clk3k_reg/Q | frequency_division/clk3k       - Static -
+----------+-----------------+------------+------------------+--------------+-------------+-----------------+--------------+-------+--------------------------------+--------------------------------||
* Local Clocks in this context represents only clocks driven by non-global buffers
** Clock Loads column represents the clock pin loads (pin count)
*** Non-Clock Loads column represents the non-clock pin loads (pin count)


5. Clock Regions: Key Resource Utilization
------------------------------------------

+-------------------+--------------+--------------+--------------+--------------+--------------+--------------+--------------+--------------+--------------+--------------+--------------+--------------+--------------+--------------+--------------+
|                   | Global Clock |     BUFRs    |    BUFMRs    |    BUFIOs    |     MMCM     |      PLL     |      GT      |      PCI     |    ILOGIC    |    OLOGIC    |      FF      |     LUTM     |    RAMB18    |    RAMB36    |    DSP48E2   |
+-------------------+------+-------+------+-------+------+-------+------+-------+------+-------+------+-------+------+-------+------+-------+------+-------+------+-------+------+-------+------+-------+------+-------+------+-------+------+-------+
| Clock Region Name | Used | Avail | Used | Avail | Used | Avail | Used | Avail | Used | Avail | Used | Avail | Used | Avail | Used | Avail | Used | Avail | Used | Avail | Used | Avail | Used | Avail | Used | Avail | Used | Avail | Used | Avail |
+-------------------+------+-------+------+-------+------+-------+------+-------+------+-------+------+-------+------+-------+------+-------+------+-------+------+-------+------+-------+------+-------+------+-------+------+-------+------+-------+
| X0Y0              |    2 |    12 |    0 |     4 |    0 |     2 |    0 |     4 |    1 |     1 |    0 |     1 |    0 |     0 |    0 |     0 |    0 |    50 |    0 |    50 |    0 |  2600 |    0 |   600 |    0 |    20 |    0 |    10 |    0 |    20 |
| X1Y0              |    1 |    12 |    0 |     0 |    0 |     0 |    0 |     0 |    0 |     0 |    0 |     0 |    0 |     4 |    0 |     0 |    0 |     0 |    0 |     0 |    0 |  1500 |    0 |   550 |    0 |    40 |    4 |    20 |    0 |    40 |
| X0Y1              |    4 |    12 |    0 |     4 |    0 |     2 |    0 |     4 |    0 |     1 |    0 |     1 |    0 |     0 |    0 |     0 |    0 |    50 |    0 |    50 |  319 |  2000 |  104 |   600 |    0 |    20 |    0 |    10 |    0 |    20 |
| X1Y1              |    4 |    12 |    0 |     4 |    0 |     2 |    0 |     4 |    0 |     1 |    0 |     1 |    0 |     0 |    0 |     0 |    0 |    50 |    0 |    50 |  121 |  1900 |   67 |   650 |    0 |    60 |   30 |    30 |    0 |    40 |
| X0Y2              |    0 |    12 |    0 |     4 |    0 |     2 |    0 |     4 |    0 |     1 |    0 |     1 |    0 |     0 |    0 |     0 |    0 |    50 |    0 |    50 |    0 |  2000 |    0 |   600 |    0 |    20 |    0 |    10 |    0 |    20 |
| X1Y2              |    3 |    12 |    0 |     4 |    0 |     2 |    0 |     4 |    0 |     1 |    0 |     1 |    0 |     0 |    0 |     0 |    0 |    50 |    0 |    50 |  175 |  1900 |   67 |   650 |    0 |    60 |   10 |    30 |    0 |    40 |
| X0Y3              |    0 |    12 |    0 |     4 |    0 |     2 |    0 |     4 |    0 |     1 |    0 |     1 |    0 |     0 |    0 |     0 |    0 |    50 |    0 |    50 |    0 |  2600 |    0 |   600 |    0 |    20 |    0 |    10 |    0 |    20 |
| X1Y3              |    0 |    12 |    0 |     0 |    0 |     0 |    0 |     0 |    0 |     0 |    0 |     0 |    0 |     4 |    0 |     1 |    0 |     0 |    0 |     0 |    0 |  1350 |    0 |   500 |    0 |    30 |    0 |    15 |    0 |    40 |
+-------------------+------+-------+------+-------+------+-------+------+-------+------+-------+------+-------+------+-------+------+-------+------+-------+------+-------+------+-------+------+-------+------+-------+------+-------+------+-------+
* Global Clock column represents track count; while other columns represents cell counts


6. Clock Regions : Global Clock Summary
---------------------------------------

All Modules
+----+----+----+
|    | X0 | X1 |
+----+----+----+
| Y3 |  0 |  0 |
| Y2 |  0 |  3 |
| Y1 |  4 |  4 |
| Y0 |  2 |  1 |
+----+----+----+


7. Device Cell Placement Summary for Global Clock g0
----------------------------------------------------

+-----------+-----------------+-------------------+---------------------------------+-------------+----------------+-------------+----------+----------------+----------+-------------------------------------------------------------+
| Global Id | Driver Type/Pin | Driver Region (D) | Clock                           | Period (ns) | Waveform (ns)  | Slice Loads | IO Loads | Clocking Loads | GT Loads | Net                                                         |
+-----------+-----------------+-------------------+---------------------------------+-------------+----------------+-------------+----------+----------------+----------+-------------------------------------------------------------+
| g0        | BUFG/O          | n/a               | clk_out3_clock_PLL_100_50_25MHz |      40.000 | {0.000 20.000} |         225 |        1 |              0 |        0 | camera_vga_display_top/clock_PLL_100_50_25MHz/inst/clk_out3 |
+-----------+-----------------+-------------------+---------------------------------+-------------+----------------+-------------+----------+----------------+----------+-------------------------------------------------------------+
* Slice Loads column represents load cell count of all cell types other than IO, GT and clock resources
** IO Loads column represents load cell count of IO types
*** Clocking Loads column represents load cell count that are clock resources (global clock buffer, MMCM, PLL, etc)
**** GT Loads column represents load cell count of GT types


+----+----+------+-----------------------+
|    | X0 | X1   | HORIZONTAL PROG DELAY |
+----+----+------+-----------------------+
| Y3 |  0 |    0 |                     0 |
| Y2 |  0 |  175 |                     0 |
| Y1 |  0 |   51 |                     0 |
| Y0 |  0 |    0 |                     0 |
+----+----+------+-----------------------+


8. Device Cell Placement Summary for Global Clock g1
----------------------------------------------------

+-----------+-----------------+-------------------+-------+-------------+---------------+-------------+----------+----------------+----------+------------+
| Global Id | Driver Type/Pin | Driver Region (D) | Clock | Period (ns) | Waveform (ns) | Slice Loads | IO Loads | Clocking Loads | GT Loads | Net        |
+-----------+-----------------+-------------------+-------+-------------+---------------+-------------+----------+----------------+----------+------------+
| g1        | BUFG/O          | n/a               |       |             |               |         102 |        0 |              0 |        0 | clk1k_BUFG |
+-----------+-----------------+-------------------+-------+-------------+---------------+-------------+----------+----------------+----------+------------+
* Slice Loads column represents load cell count of all cell types other than IO, GT and clock resources
** IO Loads column represents load cell count of IO types
*** Clocking Loads column represents load cell count that are clock resources (global clock buffer, MMCM, PLL, etc)
**** GT Loads column represents load cell count of GT types


+----+------+----+-----------------------+
|    | X0   | X1 | HORIZONTAL PROG DELAY |
+----+------+----+-----------------------+
| Y3 |    0 |  0 |                     0 |
| Y2 |    0 |  0 |                     0 |
| Y1 |  102 |  0 |                     0 |
| Y0 |    0 |  0 |                     0 |
+----+------+----+-----------------------+


9. Device Cell Placement Summary for Global Clock g2
----------------------------------------------------

+-----------+-----------------+-------------------+-------------+-------------+---------------+-------------+----------+----------------+----------+---------------+
| Global Id | Driver Type/Pin | Driver Region (D) | Clock       | Period (ns) | Waveform (ns) | Slice Loads | IO Loads | Clocking Loads | GT Loads | Net           |
+-----------+-----------------+-------------------+-------------+-------------+---------------+-------------+----------+----------------+----------+---------------+
| g2        | BUFG/O          | n/a               | sys_clk_pin |      10.000 | {0.000 5.000} |         100 |        0 |              1 |        0 | clk_IBUF_BUFG |
+-----------+-----------------+-------------------+-------------+-------------+---------------+-------------+----------+----------------+----------+---------------+
* Slice Loads column represents load cell count of all cell types other than IO, GT and clock resources
** IO Loads column represents load cell count of IO types
*** Clocking Loads column represents load cell count that are clock resources (global clock buffer, MMCM, PLL, etc)
**** GT Loads column represents load cell count of GT types


+----+-----+----+-----------------------+
|    | X0  | X1 | HORIZONTAL PROG DELAY |
+----+-----+----+-----------------------+
| Y3 |   0 |  0 |                     0 |
| Y2 |   0 |  0 |                     0 |
| Y1 |  99 |  1 |                     0 |
| Y0 |   1 |  0 |                     0 |
+----+-----+----+-----------------------+


10. Device Cell Placement Summary for Global Clock g3
-----------------------------------------------------

+-----------+-----------------+-------------------+---------------------------------+-------------+----------------+-------------+----------+----------------+----------+-------------------------------------------------------------+
| Global Id | Driver Type/Pin | Driver Region (D) | Clock                           | Period (ns) | Waveform (ns)  | Slice Loads | IO Loads | Clocking Loads | GT Loads | Net                                                         |
+-----------+-----------------+-------------------+---------------------------------+-------------+----------------+-------------+----------+----------------+----------+-------------------------------------------------------------+
| g3        | BUFG/O          | n/a               | clk_out2_clock_PLL_100_50_25MHz |      20.000 | {0.000 10.000} |          51 |        0 |              0 |        0 | camera_vga_display_top/clock_PLL_100_50_25MHz/inst/clk_out2 |
+-----------+-----------------+-------------------+---------------------------------+-------------+----------------+-------------+----------+----------------+----------+-------------------------------------------------------------+
* Slice Loads column represents load cell count of all cell types other than IO, GT and clock resources
** IO Loads column represents load cell count of IO types
*** Clocking Loads column represents load cell count that are clock resources (global clock buffer, MMCM, PLL, etc)
**** GT Loads column represents load cell count of GT types


+----+----+-----+-----------------------+
|    | X0 | X1  | HORIZONTAL PROG DELAY |
+----+----+-----+-----------------------+
| Y3 |  0 |   0 |                     0 |
| Y2 |  0 |  10 |                     0 |
| Y1 |  0 |  37 |                     0 |
| Y0 |  0 |   4 |                     0 |
+----+----+-----+-----------------------+


11. Device Cell Placement Summary for Global Clock g4
-----------------------------------------------------

+-----------+-----------------+-------------------+-------+-------------+---------------+-------------+----------+----------------+----------+----------------+
| Global Id | Driver Type/Pin | Driver Region (D) | Clock | Period (ns) | Waveform (ns) | Slice Loads | IO Loads | Clocking Loads | GT Loads | Net            |
+-----------+-----------------+-------------------+-------+-------------+---------------+-------------+----------+----------------+----------+----------------+
| g4        | BUFG/O          | n/a               |       |             |               |          64 |        0 |              0 |        0 | pclk_IBUF_BUFG |
+-----------+-----------------+-------------------+-------+-------------+---------------+-------------+----------+----------------+----------+----------------+
* Slice Loads column represents load cell count of all cell types other than IO, GT and clock resources
** IO Loads column represents load cell count of IO types
*** Clocking Loads column represents load cell count that are clock resources (global clock buffer, MMCM, PLL, etc)
**** GT Loads column represents load cell count of GT types


+----+----+-----+-----------------------+
|    | X0 | X1  | HORIZONTAL PROG DELAY |
+----+----+-----+-----------------------+
| Y3 |  0 |   0 |                     0 |
| Y2 |  0 |   2 |                     0 |
| Y1 |  0 |  62 |                     0 |
| Y0 |  0 |   0 |                     0 |
+----+----+-----+-----------------------+


12. Device Cell Placement Summary for Global Clock g5
-----------------------------------------------------

+-----------+-----------------+-------------------+-------+-------------+---------------+-------------+----------+----------------+----------+----------------------------+
| Global Id | Driver Type/Pin | Driver Region (D) | Clock | Period (ns) | Waveform (ns) | Slice Loads | IO Loads | Clocking Loads | GT Loads | Net                        |
+-----------+-----------------+-------------------+-------+-------------+---------------+-------------+----------+----------------+----------+----------------------------+
| g5        | BUFG/O          | n/a               |       |             |               |          56 |        0 |              0 |        0 | cnt_message_reg[4]_i_4_n_0 |
+-----------+-----------------+-------------------+-------+-------------+---------------+-------------+----------+----------------+----------+----------------------------+
* Slice Loads column represents load cell count of all cell types other than IO, GT and clock resources
** IO Loads column represents load cell count of IO types
*** Clocking Loads column represents load cell count that are clock resources (global clock buffer, MMCM, PLL, etc)
**** GT Loads column represents load cell count of GT types


+----+-----+----+-----------------------+
|    | X0  | X1 | HORIZONTAL PROG DELAY |
+----+-----+----+-----------------------+
| Y3 |   0 |  0 |                     0 |
| Y2 |   0 |  0 |                     0 |
| Y1 |  56 |  0 |                     0 |
| Y0 |   0 |  0 |                     0 |
+----+-----+----+-----------------------+


13. Device Cell Placement Summary for Global Clock g6
-----------------------------------------------------

+-----------+-----------------+-------------------+-------+-------------+---------------+-------------+----------+----------------+----------+--------+
| Global Id | Driver Type/Pin | Driver Region (D) | Clock | Period (ns) | Waveform (ns) | Slice Loads | IO Loads | Clocking Loads | GT Loads | Net    |
+-----------+-----------------+-------------------+-------+-------------+---------------+-------------+----------+----------------+----------+--------+
| g6        | BUFG/O          | n/a               |       |             |               |          37 |        0 |              0 |        0 | p_1_in |
+-----------+-----------------+-------------------+-------+-------------+---------------+-------------+----------+----------------+----------+--------+
* Slice Loads column represents load cell count of all cell types other than IO, GT and clock resources
** IO Loads column represents load cell count of IO types
*** Clocking Loads column represents load cell count that are clock resources (global clock buffer, MMCM, PLL, etc)
**** GT Loads column represents load cell count of GT types


+----+-----+----+-----------------------+
|    | X0  | X1 | HORIZONTAL PROG DELAY |
+----+-----+----+-----------------------+
| Y3 |   0 |  0 |                     0 |
| Y2 |   0 |  0 |                     0 |
| Y1 |  37 |  0 |                     0 |
| Y0 |   0 |  0 |                     0 |
+----+-----+----+-----------------------+


14. Device Cell Placement Summary for Global Clock g7
-----------------------------------------------------

+-----------+-----------------+-------------------+---------------------------------+-------------+---------------+-------------+----------+----------------+----------+----------------------------------------------------------------------------------------+
| Global Id | Driver Type/Pin | Driver Region (D) | Clock                           | Period (ns) | Waveform (ns) | Slice Loads | IO Loads | Clocking Loads | GT Loads | Net                                                                                    |
+-----------+-----------------+-------------------+---------------------------------+-------------+---------------+-------------+----------+----------------+----------+----------------------------------------------------------------------------------------+
| g7        | BUFG/O          | n/a               | clkfbout_clock_PLL_100_50_25MHz |      10.000 | {0.000 5.000} |           0 |        0 |              1 |        0 | camera_vga_display_top/clock_PLL_100_50_25MHz/inst/clkfbout_buf_clock_PLL_100_50_25MHz |
+-----------+-----------------+-------------------+---------------------------------+-------------+---------------+-------------+----------+----------------+----------+----------------------------------------------------------------------------------------+
* Slice Loads column represents load cell count of all cell types other than IO, GT and clock resources
** IO Loads column represents load cell count of IO types
*** Clocking Loads column represents load cell count that are clock resources (global clock buffer, MMCM, PLL, etc)
**** GT Loads column represents load cell count of GT types


+----+----+----+-----------------------+
|    | X0 | X1 | HORIZONTAL PROG DELAY |
+----+----+----+-----------------------+
| Y3 |  0 |  0 |                     0 |
| Y2 |  0 |  0 |                     0 |
| Y1 |  0 |  0 |                     0 |
| Y0 |  1 |  0 |                     0 |
+----+----+----+-----------------------+


15. Clock Region Cell Placement per Global Clock: Region X0Y0
-------------------------------------------------------------

+-----------+-------+-----------------+------------+-------------+-----------------+----+--------+------+-----+----+------+-----+---------+----------------------------------------------------------------------------------------+
| Global Id | Track | Driver Type/Pin | Constraint | Clock Loads | Non-Clock Loads | FF | LUTRAM | RAMB | DSP | GT | MMCM | PLL | Hard IP | Net                                                                                    |
+-----------+-------+-----------------+------------+-------------+-----------------+----+--------+------+-----+----+------+-----+---------+----------------------------------------------------------------------------------------+
| g2        | n/a   | BUFG/O          | None       |           1 |               0 |  0 |      0 |    0 |   0 |  0 |    1 |   0 |       0 | clk_IBUF_BUFG                                                                          |
| g7        | n/a   | BUFG/O          | None       |           1 |               0 |  0 |      0 |    0 |   0 |  0 |    1 |   0 |       0 | camera_vga_display_top/clock_PLL_100_50_25MHz/inst/clkfbout_buf_clock_PLL_100_50_25MHz |
+-----------+-------+-----------------+------------+-------------+-----------------+----+--------+------+-----+----+------+-----+---------+----------------------------------------------------------------------------------------+
* Clock Loads column represents the clock pin loads (pin count)
** Non-Clock Loads column represents the non-clock pin loads (pin count)
*** Columns FF, LUTRAM, RAMB through 'Hard IP' represents load cell counts


16. Clock Region Cell Placement per Global Clock: Region X1Y0
-------------------------------------------------------------

+-----------+-------+-----------------+------------+-------------+-----------------+----+--------+------+-----+----+------+-----+---------+-------------------------------------------------------------+
| Global Id | Track | Driver Type/Pin | Constraint | Clock Loads | Non-Clock Loads | FF | LUTRAM | RAMB | DSP | GT | MMCM | PLL | Hard IP | Net                                                         |
+-----------+-------+-----------------+------------+-------------+-----------------+----+--------+------+-----+----+------+-----+---------+-------------------------------------------------------------+
| g3        | n/a   | BUFG/O          | None       |           4 |               0 |  0 |      0 |    4 |   0 |  0 |    0 |   0 |       0 | camera_vga_display_top/clock_PLL_100_50_25MHz/inst/clk_out2 |
+-----------+-------+-----------------+------------+-------------+-----------------+----+--------+------+-----+----+------+-----+---------+-------------------------------------------------------------+
* Clock Loads column represents the clock pin loads (pin count)
** Non-Clock Loads column represents the non-clock pin loads (pin count)
*** Columns FF, LUTRAM, RAMB through 'Hard IP' represents load cell counts


17. Clock Region Cell Placement per Global Clock: Region X0Y1
-------------------------------------------------------------

+-----------+-------+-----------------+------------+-------------+-----------------+-----+--------+------+-----+----+------+-----+---------+----------------------------+
| Global Id | Track | Driver Type/Pin | Constraint | Clock Loads | Non-Clock Loads | FF  | LUTRAM | RAMB | DSP | GT | MMCM | PLL | Hard IP | Net                        |
+-----------+-------+-----------------+------------+-------------+-----------------+-----+--------+------+-----+----+------+-----+---------+----------------------------+
| g1        | n/a   | BUFG/O          | None       |         102 |               0 | 102 |      0 |    0 |   0 |  0 |    0 |   0 |       0 | clk1k_BUFG                 |
| g2        | n/a   | BUFG/O          | None       |          99 |               0 |  99 |      0 |    0 |   0 |  0 |    0 |   0 |       0 | clk_IBUF_BUFG              |
| g5        | n/a   | BUFG/O          | None       |          56 |               0 |  56 |      0 |    0 |   0 |  0 |    0 |   0 |       0 | cnt_message_reg[4]_i_4_n_0 |
| g6        | n/a   | BUFG/O          | None       |          37 |               0 |  37 |      0 |    0 |   0 |  0 |    0 |   0 |       0 | p_1_in                     |
+-----------+-------+-----------------+------------+-------------+-----------------+-----+--------+------+-----+----+------+-----+---------+----------------------------+
* Clock Loads column represents the clock pin loads (pin count)
** Non-Clock Loads column represents the non-clock pin loads (pin count)
*** Columns FF, LUTRAM, RAMB through 'Hard IP' represents load cell counts


18. Clock Region Cell Placement per Global Clock: Region X1Y1
-------------------------------------------------------------

+-----------+-------+-----------------+------------+-------------+-----------------+----+--------+------+-----+----+------+-----+---------+-------------------------------------------------------------+
| Global Id | Track | Driver Type/Pin | Constraint | Clock Loads | Non-Clock Loads | FF | LUTRAM | RAMB | DSP | GT | MMCM | PLL | Hard IP | Net                                                         |
+-----------+-------+-----------------+------------+-------------+-----------------+----+--------+------+-----+----+------+-----+---------+-------------------------------------------------------------+
| g0        | n/a   | BUFG/O          | None       |          51 |               0 | 51 |      0 |    0 |   0 |  0 |    0 |   0 |       0 | camera_vga_display_top/clock_PLL_100_50_25MHz/inst/clk_out3 |
| g2        | n/a   | BUFG/O          | None       |           1 |               0 |  1 |      0 |    0 |   0 |  0 |    0 |   0 |       0 | clk_IBUF_BUFG                                               |
| g3        | n/a   | BUFG/O          | None       |          37 |               0 |  7 |      0 |   30 |   0 |  0 |    0 |   0 |       0 | camera_vga_display_top/clock_PLL_100_50_25MHz/inst/clk_out2 |
| g4        | n/a   | BUFG/O          | None       |          62 |               0 | 62 |      0 |    0 |   0 |  0 |    0 |   0 |       0 | pclk_IBUF_BUFG                                              |
+-----------+-------+-----------------+------------+-------------+-----------------+----+--------+------+-----+----+------+-----+---------+-------------------------------------------------------------+
* Clock Loads column represents the clock pin loads (pin count)
** Non-Clock Loads column represents the non-clock pin loads (pin count)
*** Columns FF, LUTRAM, RAMB through 'Hard IP' represents load cell counts


19. Clock Region Cell Placement per Global Clock: Region X1Y2
-------------------------------------------------------------

+-----------+-------+-----------------+------------+-------------+-----------------+-----+--------+------+-----+----+------+-----+---------+-------------------------------------------------------------+
| Global Id | Track | Driver Type/Pin | Constraint | Clock Loads | Non-Clock Loads | FF  | LUTRAM | RAMB | DSP | GT | MMCM | PLL | Hard IP | Net                                                         |
+-----------+-------+-----------------+------------+-------------+-----------------+-----+--------+------+-----+----+------+-----+---------+-------------------------------------------------------------+
| g0        | n/a   | BUFG/O          | None       |         174 |               1 | 173 |      0 |    0 |   0 |  0 |    0 |   0 |       0 | camera_vga_display_top/clock_PLL_100_50_25MHz/inst/clk_out3 |
| g3        | n/a   | BUFG/O          | None       |          10 |               0 |   0 |      0 |   10 |   0 |  0 |    0 |   0 |       0 | camera_vga_display_top/clock_PLL_100_50_25MHz/inst/clk_out2 |
| g4        | n/a   | BUFG/O          | None       |           2 |               0 |   2 |      0 |    0 |   0 |  0 |    0 |   0 |       0 | pclk_IBUF_BUFG                                              |
+-----------+-------+-----------------+------------+-------------+-----------------+-----+--------+------+-----+----+------+-----+---------+-------------------------------------------------------------+
* Clock Loads column represents the clock pin loads (pin count)
** Non-Clock Loads column represents the non-clock pin loads (pin count)
*** Columns FF, LUTRAM, RAMB through 'Hard IP' represents load cell counts



# Location of BUFG Primitives 
set_property LOC BUFGCTRL_X0Y2 [get_cells pclk_IBUF_BUFG_inst]
set_property LOC BUFGCTRL_X0Y5 [get_cells count_reg[2]_i_3]
set_property LOC BUFGCTRL_X0Y3 [get_cells cnt_message_reg[4]_i_4]
set_property LOC BUFGCTRL_X0Y16 [get_cells clk_IBUF_BUFG_inst]
set_property LOC BUFGCTRL_X0Y1 [get_cells clk1k_BUFG_inst]
set_property LOC BUFGCTRL_X0Y6 [get_cells camera_vga_display_top/clock_PLL_100_50_25MHz/inst/clkf_buf]
set_property LOC BUFGCTRL_X0Y0 [get_cells camera_vga_display_top/clock_PLL_100_50_25MHz/inst/clkout3_buf]
set_property LOC BUFGCTRL_X0Y4 [get_cells camera_vga_display_top/clock_PLL_100_50_25MHz/inst/clkout2_buf]

# Location of IO Primitives which is load of clock spine
set_property LOC IOB_X1Y116 [get_cells ov7670_xclk_OBUF_inst]

# Location of clock ports
set_property LOC IOB_X1Y126 [get_ports clk]
set_property LOC IOB_X1Y111 [get_ports pclk]

# Clock net "pclk_IBUF_BUFG" driven by instance "pclk_IBUF_BUFG_inst" located at site "BUFGCTRL_X0Y2"
#startgroup
create_pblock {CLKAG_pclk_IBUF_BUFG}
add_cells_to_pblock [get_pblocks  {CLKAG_pclk_IBUF_BUFG}] [get_cells -filter { PRIMITIVE_GROUP != I/O && IS_PRIMITIVE==1 && PRIMITIVE_LEVEL !=INTERNAL } -of_object [get_pins -filter {DIRECTION==IN} -of_objects [get_nets -hierarchical -filter {PARENT=="pclk_IBUF_BUFG"}]]]
resize_pblock [get_pblocks {CLKAG_pclk_IBUF_BUFG}] -add {CLOCKREGION_X1Y1:CLOCKREGION_X1Y1 CLOCKREGION_X1Y2:CLOCKREGION_X1Y2}
#endgroup

# Clock net "p_1_in" driven by instance "count_reg[2]_i_3" located at site "BUFGCTRL_X0Y5"
#startgroup
create_pblock {CLKAG_p_1_in}
add_cells_to_pblock [get_pblocks  {CLKAG_p_1_in}] [get_cells -filter { PRIMITIVE_GROUP != I/O && IS_PRIMITIVE==1 && PRIMITIVE_LEVEL !=INTERNAL } -of_object [get_pins -filter {DIRECTION==IN} -of_objects [get_nets -hierarchical -filter {PARENT=="p_1_in"}]]]
resize_pblock [get_pblocks {CLKAG_p_1_in}] -add {CLOCKREGION_X0Y1:CLOCKREGION_X0Y1}
#endgroup

# Clock net "cnt_message_reg[4]_i_4_n_0" driven by instance "cnt_message_reg[4]_i_4" located at site "BUFGCTRL_X0Y3"
#startgroup
create_pblock {CLKAG_cnt_message_reg[4]_i_4_n_0}
add_cells_to_pblock [get_pblocks  {CLKAG_cnt_message_reg[4]_i_4_n_0}] [get_cells -filter { PRIMITIVE_GROUP != I/O && IS_PRIMITIVE==1 && PRIMITIVE_LEVEL !=INTERNAL } -of_object [get_pins -filter {DIRECTION==IN} -of_objects [get_nets -hierarchical -filter {PARENT=="cnt_message_reg[4]_i_4_n_0"}]]]
resize_pblock [get_pblocks {CLKAG_cnt_message_reg[4]_i_4_n_0}] -add {CLOCKREGION_X0Y1:CLOCKREGION_X0Y1}
#endgroup

# Clock net "clk_IBUF_BUFG" driven by instance "clk_IBUF_BUFG_inst" located at site "BUFGCTRL_X0Y16"
#startgroup
create_pblock {CLKAG_clk_IBUF_BUFG}
add_cells_to_pblock [get_pblocks  {CLKAG_clk_IBUF_BUFG}] [get_cells -filter { PRIMITIVE_GROUP != I/O && IS_PRIMITIVE==1 && PRIMITIVE_LEVEL !=INTERNAL && NAME!=camera_vga_display_top/clock_PLL_100_50_25MHz/inst/mmcm_adv_inst} -of_object [get_pins -filter {DIRECTION==IN} -of_objects [get_nets -hierarchical -filter {PARENT=="clk_IBUF_BUFG"}]]]
resize_pblock [get_pblocks {CLKAG_clk_IBUF_BUFG}] -add {CLOCKREGION_X0Y1:CLOCKREGION_X0Y1 CLOCKREGION_X1Y1:CLOCKREGION_X1Y1}
#endgroup

# Clock net "clk1k_BUFG" driven by instance "clk1k_BUFG_inst" located at site "BUFGCTRL_X0Y1"
#startgroup
create_pblock {CLKAG_clk1k_BUFG}
add_cells_to_pblock [get_pblocks  {CLKAG_clk1k_BUFG}] [get_cells -filter { PRIMITIVE_GROUP != I/O && IS_PRIMITIVE==1 && PRIMITIVE_LEVEL !=INTERNAL } -of_object [get_pins -filter {DIRECTION==IN} -of_objects [get_nets -hierarchical -filter {PARENT=="clk1k_BUFG"}]]]
resize_pblock [get_pblocks {CLKAG_clk1k_BUFG}] -add {CLOCKREGION_X0Y1:CLOCKREGION_X0Y1}
#endgroup

# Clock net "camera_vga_display_top/clock_PLL_100_50_25MHz/inst/clk_out3" driven by instance "camera_vga_display_top/clock_PLL_100_50_25MHz/inst/clkout3_buf" located at site "BUFGCTRL_X0Y0"
#startgroup
create_pblock {CLKAG_camera_vga_display_top/clock_PLL_100_50_25MHz/inst/clk_out3}
add_cells_to_pblock [get_pblocks  {CLKAG_camera_vga_display_top/clock_PLL_100_50_25MHz/inst/clk_out3}] [get_cells -filter { PRIMITIVE_GROUP != I/O && IS_PRIMITIVE==1 && PRIMITIVE_LEVEL !=INTERNAL && NAME!=ov7670_xclk_OBUF_inst} -of_object [get_pins -filter {DIRECTION==IN} -of_objects [get_nets -hierarchical -filter {PARENT=="camera_vga_display_top/clock_PLL_100_50_25MHz/inst/clk_out3"}]]]
resize_pblock [get_pblocks {CLKAG_camera_vga_display_top/clock_PLL_100_50_25MHz/inst/clk_out3}] -add {CLOCKREGION_X1Y1:CLOCKREGION_X1Y1 CLOCKREGION_X1Y2:CLOCKREGION_X1Y2}
#endgroup

# Clock net "camera_vga_display_top/clock_PLL_100_50_25MHz/inst/clk_out2" driven by instance "camera_vga_display_top/clock_PLL_100_50_25MHz/inst/clkout2_buf" located at site "BUFGCTRL_X0Y4"
#startgroup
create_pblock {CLKAG_camera_vga_display_top/clock_PLL_100_50_25MHz/inst/clk_out2}
add_cells_to_pblock [get_pblocks  {CLKAG_camera_vga_display_top/clock_PLL_100_50_25MHz/inst/clk_out2}] [get_cells -filter { PRIMITIVE_GROUP != I/O && IS_PRIMITIVE==1 && PRIMITIVE_LEVEL !=INTERNAL } -of_object [get_pins -filter {DIRECTION==IN} -of_objects [get_nets -hierarchical -filter {PARENT=="camera_vga_display_top/clock_PLL_100_50_25MHz/inst/clk_out2"}]]]
resize_pblock [get_pblocks {CLKAG_camera_vga_display_top/clock_PLL_100_50_25MHz/inst/clk_out2}] -add {CLOCKREGION_X1Y0:CLOCKREGION_X1Y0 CLOCKREGION_X1Y1:CLOCKREGION_X1Y1 CLOCKREGION_X1Y2:CLOCKREGION_X1Y2}
#endgroup
