Copyright 1986-2021 Xilinx, Inc. All Rights Reserved.
-----------------------------------------------------------------------------------------------------------------------------------------------
| Tool Version : Vivado v.2021.1 (win64) Build 3247384 Thu Jun 10 19:36:33 MDT 2021
| Date         : Mon Oct 30 22:26:31 2023
| Host         : xiaoxin running 64-bit major release  (build 9200)
| Command      : report_methodology -file top_methodology_drc_routed.rpt -pb top_methodology_drc_routed.pb -rpx top_methodology_drc_routed.rpx
| Design       : top
| Device       : xc7a100tcsg324-1
| Speed File   : -1
| Design State : Fully Routed
-----------------------------------------------------------------------------------------------------------------------------------------------

Report Methodology

Table of Contents
-----------------
1. REPORT SUMMARY
2. REPORT DETAILS

1. REPORT SUMMARY
-----------------
            Netlist: netlist
          Floorplan: design_1
      Design limits: <entire design considered>
             Max violations: <unlimited>
             Violations found: 327
+-----------+------------------+------------------------------+------------+
| Rule      | Severity         | Description                  | Violations |
+-----------+------------------+------------------------------+------------+
| TIMING-17 | Critical Warning | Non-clocked sequential cell  | 224        |
| LUTAR-1   | Warning          | LUT drives async reset alert | 48         |
| TIMING-20 | Warning          | Non-clocked latch            | 55         |
+-----------+------------------+------------------------------+------------+

2. REPORT DETAILS
-----------------
TIMING-17#1 Critical Warning
Non-clocked sequential cell  
The clock pin eliminate_dithering1/FSM_sequential_state_reg[0]/C is not reached by a timing clock
Related violations: <none>

TIMING-17#2 Critical Warning
Non-clocked sequential cell  
The clock pin eliminate_dithering1/FSM_sequential_state_reg[1]/C is not reached by a timing clock
Related violations: <none>

TIMING-17#3 Critical Warning
Non-clocked sequential cell  
The clock pin eliminate_dithering2/FSM_sequential_state_reg[0]/C is not reached by a timing clock
Related violations: <none>

TIMING-17#4 Critical Warning
Non-clocked sequential cell  
The clock pin eliminate_dithering2/FSM_sequential_state_reg[1]/C is not reached by a timing clock
Related violations: <none>

TIMING-17#5 Critical Warning
Non-clocked sequential cell  
The clock pin frequency_division/clk1k_reg/C is not reached by a timing clock
Related violations: <none>

TIMING-17#6 Critical Warning
Non-clocked sequential cell  
The clock pin frequency_division/clk3k_reg/C is not reached by a timing clock
Related violations: <none>

TIMING-17#7 Critical Warning
Non-clocked sequential cell  
The clock pin frequency_division/clk4k_reg/C is not reached by a timing clock
Related violations: <none>

TIMING-17#8 Critical Warning
Non-clocked sequential cell  
The clock pin frequency_division/count1_reg[0]/C is not reached by a timing clock
Related violations: <none>

TIMING-17#9 Critical Warning
Non-clocked sequential cell  
The clock pin frequency_division/count1_reg[1]/C is not reached by a timing clock
Related violations: <none>

TIMING-17#10 Critical Warning
Non-clocked sequential cell  
The clock pin frequency_division/count1_reg[2]/C is not reached by a timing clock
Related violations: <none>

TIMING-17#11 Critical Warning
Non-clocked sequential cell  
The clock pin frequency_division/count3_reg[0]/C is not reached by a timing clock
Related violations: <none>

TIMING-17#12 Critical Warning
Non-clocked sequential cell  
The clock pin frequency_division/count3_reg[10]/C is not reached by a timing clock
Related violations: <none>

TIMING-17#13 Critical Warning
Non-clocked sequential cell  
The clock pin frequency_division/count3_reg[11]/C is not reached by a timing clock
Related violations: <none>

TIMING-17#14 Critical Warning
Non-clocked sequential cell  
The clock pin frequency_division/count3_reg[12]/C is not reached by a timing clock
Related violations: <none>

TIMING-17#15 Critical Warning
Non-clocked sequential cell  
The clock pin frequency_division/count3_reg[13]/C is not reached by a timing clock
Related violations: <none>

TIMING-17#16 Critical Warning
Non-clocked sequential cell  
The clock pin frequency_division/count3_reg[14]/C is not reached by a timing clock
Related violations: <none>

TIMING-17#17 Critical Warning
Non-clocked sequential cell  
The clock pin frequency_division/count3_reg[15]/C is not reached by a timing clock
Related violations: <none>

TIMING-17#18 Critical Warning
Non-clocked sequential cell  
The clock pin frequency_division/count3_reg[1]/C is not reached by a timing clock
Related violations: <none>

TIMING-17#19 Critical Warning
Non-clocked sequential cell  
The clock pin frequency_division/count3_reg[2]/C is not reached by a timing clock
Related violations: <none>

TIMING-17#20 Critical Warning
Non-clocked sequential cell  
The clock pin frequency_division/count3_reg[3]/C is not reached by a timing clock
Related violations: <none>

TIMING-17#21 Critical Warning
Non-clocked sequential cell  
The clock pin frequency_division/count3_reg[4]/C is not reached by a timing clock
Related violations: <none>

TIMING-17#22 Critical Warning
Non-clocked sequential cell  
The clock pin frequency_division/count3_reg[5]/C is not reached by a timing clock
Related violations: <none>

TIMING-17#23 Critical Warning
Non-clocked sequential cell  
The clock pin frequency_division/count3_reg[6]/C is not reached by a timing clock
Related violations: <none>

TIMING-17#24 Critical Warning
Non-clocked sequential cell  
The clock pin frequency_division/count3_reg[7]/C is not reached by a timing clock
Related violations: <none>

TIMING-17#25 Critical Warning
Non-clocked sequential cell  
The clock pin frequency_division/count3_reg[8]/C is not reached by a timing clock
Related violations: <none>

TIMING-17#26 Critical Warning
Non-clocked sequential cell  
The clock pin frequency_division/count3_reg[9]/C is not reached by a timing clock
Related violations: <none>

TIMING-17#27 Critical Warning
Non-clocked sequential cell  
The clock pin frequency_division/count4_reg[0]/C is not reached by a timing clock
Related violations: <none>

TIMING-17#28 Critical Warning
Non-clocked sequential cell  
The clock pin frequency_division/count4_reg[10]/C is not reached by a timing clock
Related violations: <none>

TIMING-17#29 Critical Warning
Non-clocked sequential cell  
The clock pin frequency_division/count4_reg[11]/C is not reached by a timing clock
Related violations: <none>

TIMING-17#30 Critical Warning
Non-clocked sequential cell  
The clock pin frequency_division/count4_reg[12]/C is not reached by a timing clock
Related violations: <none>

TIMING-17#31 Critical Warning
Non-clocked sequential cell  
The clock pin frequency_division/count4_reg[13]/C is not reached by a timing clock
Related violations: <none>

TIMING-17#32 Critical Warning
Non-clocked sequential cell  
The clock pin frequency_division/count4_reg[14]/C is not reached by a timing clock
Related violations: <none>

TIMING-17#33 Critical Warning
Non-clocked sequential cell  
The clock pin frequency_division/count4_reg[15]/C is not reached by a timing clock
Related violations: <none>

TIMING-17#34 Critical Warning
Non-clocked sequential cell  
The clock pin frequency_division/count4_reg[16]/C is not reached by a timing clock
Related violations: <none>

TIMING-17#35 Critical Warning
Non-clocked sequential cell  
The clock pin frequency_division/count4_reg[17]/C is not reached by a timing clock
Related violations: <none>

TIMING-17#36 Critical Warning
Non-clocked sequential cell  
The clock pin frequency_division/count4_reg[18]/C is not reached by a timing clock
Related violations: <none>

TIMING-17#37 Critical Warning
Non-clocked sequential cell  
The clock pin frequency_division/count4_reg[19]/C is not reached by a timing clock
Related violations: <none>

TIMING-17#38 Critical Warning
Non-clocked sequential cell  
The clock pin frequency_division/count4_reg[1]/C is not reached by a timing clock
Related violations: <none>

TIMING-17#39 Critical Warning
Non-clocked sequential cell  
The clock pin frequency_division/count4_reg[20]/C is not reached by a timing clock
Related violations: <none>

TIMING-17#40 Critical Warning
Non-clocked sequential cell  
The clock pin frequency_division/count4_reg[21]/C is not reached by a timing clock
Related violations: <none>

TIMING-17#41 Critical Warning
Non-clocked sequential cell  
The clock pin frequency_division/count4_reg[22]/C is not reached by a timing clock
Related violations: <none>

TIMING-17#42 Critical Warning
Non-clocked sequential cell  
The clock pin frequency_division/count4_reg[23]/C is not reached by a timing clock
Related violations: <none>

TIMING-17#43 Critical Warning
Non-clocked sequential cell  
The clock pin frequency_division/count4_reg[2]/C is not reached by a timing clock
Related violations: <none>

TIMING-17#44 Critical Warning
Non-clocked sequential cell  
The clock pin frequency_division/count4_reg[3]/C is not reached by a timing clock
Related violations: <none>

TIMING-17#45 Critical Warning
Non-clocked sequential cell  
The clock pin frequency_division/count4_reg[4]/C is not reached by a timing clock
Related violations: <none>

TIMING-17#46 Critical Warning
Non-clocked sequential cell  
The clock pin frequency_division/count4_reg[5]/C is not reached by a timing clock
Related violations: <none>

TIMING-17#47 Critical Warning
Non-clocked sequential cell  
The clock pin frequency_division/count4_reg[6]/C is not reached by a timing clock
Related violations: <none>

TIMING-17#48 Critical Warning
Non-clocked sequential cell  
The clock pin frequency_division/count4_reg[7]/C is not reached by a timing clock
Related violations: <none>

TIMING-17#49 Critical Warning
Non-clocked sequential cell  
The clock pin frequency_division/count4_reg[8]/C is not reached by a timing clock
Related violations: <none>

TIMING-17#50 Critical Warning
Non-clocked sequential cell  
The clock pin frequency_division/count4_reg[9]/C is not reached by a timing clock
Related violations: <none>

TIMING-17#51 Critical Warning
Non-clocked sequential cell  
The clock pin password_in/bcd_view_out/sel_reg[0]/C is not reached by a timing clock
Related violations: <none>

TIMING-17#52 Critical Warning
Non-clocked sequential cell  
The clock pin password_in/bcd_view_out/sel_reg[1]/C is not reached by a timing clock
Related violations: <none>

TIMING-17#53 Critical Warning
Non-clocked sequential cell  
The clock pin password_in/bcd_view_out/sel_reg[2]/C is not reached by a timing clock
Related violations: <none>

TIMING-17#54 Critical Warning
Non-clocked sequential cell  
The clock pin password_in/bluetooth/frequency_1_2/clk50m_reg/C is not reached by a timing clock
Related violations: <none>

TIMING-17#55 Critical Warning
Non-clocked sequential cell  
The clock pin password_in/bluetooth/uart_r_1/cnt_clk_reg[0]/C is not reached by a timing clock
Related violations: <none>

TIMING-17#56 Critical Warning
Non-clocked sequential cell  
The clock pin password_in/bluetooth/uart_r_1/cnt_clk_reg[10]/C is not reached by a timing clock
Related violations: <none>

TIMING-17#57 Critical Warning
Non-clocked sequential cell  
The clock pin password_in/bluetooth/uart_r_1/cnt_clk_reg[11]/C is not reached by a timing clock
Related violations: <none>

TIMING-17#58 Critical Warning
Non-clocked sequential cell  
The clock pin password_in/bluetooth/uart_r_1/cnt_clk_reg[12]/C is not reached by a timing clock
Related violations: <none>

TIMING-17#59 Critical Warning
Non-clocked sequential cell  
The clock pin password_in/bluetooth/uart_r_1/cnt_clk_reg[1]/C is not reached by a timing clock
Related violations: <none>

TIMING-17#60 Critical Warning
Non-clocked sequential cell  
The clock pin password_in/bluetooth/uart_r_1/cnt_clk_reg[2]/C is not reached by a timing clock
Related violations: <none>

TIMING-17#61 Critical Warning
Non-clocked sequential cell  
The clock pin password_in/bluetooth/uart_r_1/cnt_clk_reg[3]/C is not reached by a timing clock
Related violations: <none>

TIMING-17#62 Critical Warning
Non-clocked sequential cell  
The clock pin password_in/bluetooth/uart_r_1/cnt_clk_reg[4]/C is not reached by a timing clock
Related violations: <none>

TIMING-17#63 Critical Warning
Non-clocked sequential cell  
The clock pin password_in/bluetooth/uart_r_1/cnt_clk_reg[5]/C is not reached by a timing clock
Related violations: <none>

TIMING-17#64 Critical Warning
Non-clocked sequential cell  
The clock pin password_in/bluetooth/uart_r_1/cnt_clk_reg[6]/C is not reached by a timing clock
Related violations: <none>

TIMING-17#65 Critical Warning
Non-clocked sequential cell  
The clock pin password_in/bluetooth/uart_r_1/cnt_clk_reg[7]/C is not reached by a timing clock
Related violations: <none>

TIMING-17#66 Critical Warning
Non-clocked sequential cell  
The clock pin password_in/bluetooth/uart_r_1/cnt_clk_reg[8]/C is not reached by a timing clock
Related violations: <none>

TIMING-17#67 Critical Warning
Non-clocked sequential cell  
The clock pin password_in/bluetooth/uart_r_1/cnt_clk_reg[9]/C is not reached by a timing clock
Related violations: <none>

TIMING-17#68 Critical Warning
Non-clocked sequential cell  
The clock pin password_in/bluetooth/uart_r_1/cnt_message_reg[0]/C is not reached by a timing clock
Related violations: <none>

TIMING-17#69 Critical Warning
Non-clocked sequential cell  
The clock pin password_in/bluetooth/uart_r_1/cnt_message_reg[1]/C is not reached by a timing clock
Related violations: <none>

TIMING-17#70 Critical Warning
Non-clocked sequential cell  
The clock pin password_in/bluetooth/uart_r_1/cnt_message_reg[2]/C is not reached by a timing clock
Related violations: <none>

TIMING-17#71 Critical Warning
Non-clocked sequential cell  
The clock pin password_in/bluetooth/uart_r_1/cnt_message_reg[3]/C is not reached by a timing clock
Related violations: <none>

TIMING-17#72 Critical Warning
Non-clocked sequential cell  
The clock pin password_in/bluetooth/uart_r_1/cnt_message_reg[4]/C is not reached by a timing clock
Related violations: <none>

TIMING-17#73 Critical Warning
Non-clocked sequential cell  
The clock pin password_in/bluetooth/uart_r_1/message_mid_reg[0]/C is not reached by a timing clock
Related violations: <none>

TIMING-17#74 Critical Warning
Non-clocked sequential cell  
The clock pin password_in/bluetooth/uart_r_1/message_mid_reg[1]/C is not reached by a timing clock
Related violations: <none>

TIMING-17#75 Critical Warning
Non-clocked sequential cell  
The clock pin password_in/bluetooth/uart_r_1/message_mid_reg[2]/C is not reached by a timing clock
Related violations: <none>

TIMING-17#76 Critical Warning
Non-clocked sequential cell  
The clock pin password_in/bluetooth/uart_r_1/message_mid_reg[3]/C is not reached by a timing clock
Related violations: <none>

TIMING-17#77 Critical Warning
Non-clocked sequential cell  
The clock pin password_in/bluetooth/uart_r_1/message_mid_reg[4]/C is not reached by a timing clock
Related violations: <none>

TIMING-17#78 Critical Warning
Non-clocked sequential cell  
The clock pin password_in/bluetooth/uart_r_1/message_mid_reg[5]/C is not reached by a timing clock
Related violations: <none>

TIMING-17#79 Critical Warning
Non-clocked sequential cell  
The clock pin password_in/bluetooth/uart_r_1/message_mid_reg[6]/C is not reached by a timing clock
Related violations: <none>

TIMING-17#80 Critical Warning
Non-clocked sequential cell  
The clock pin password_in/bluetooth/uart_r_1/message_mid_reg[7]/C is not reached by a timing clock
Related violations: <none>

TIMING-17#81 Critical Warning
Non-clocked sequential cell  
The clock pin password_in/bluetooth/uart_r_1/message_reg[0]/C is not reached by a timing clock
Related violations: <none>

TIMING-17#82 Critical Warning
Non-clocked sequential cell  
The clock pin password_in/bluetooth/uart_r_1/message_reg[1]/C is not reached by a timing clock
Related violations: <none>

TIMING-17#83 Critical Warning
Non-clocked sequential cell  
The clock pin password_in/bluetooth/uart_r_1/message_reg[2]/C is not reached by a timing clock
Related violations: <none>

TIMING-17#84 Critical Warning
Non-clocked sequential cell  
The clock pin password_in/bluetooth/uart_r_1/message_reg[3]/C is not reached by a timing clock
Related violations: <none>

TIMING-17#85 Critical Warning
Non-clocked sequential cell  
The clock pin password_in/bluetooth/uart_r_1/message_reg[4]/C is not reached by a timing clock
Related violations: <none>

TIMING-17#86 Critical Warning
Non-clocked sequential cell  
The clock pin password_in/bluetooth/uart_r_1/message_reg[5]/C is not reached by a timing clock
Related violations: <none>

TIMING-17#87 Critical Warning
Non-clocked sequential cell  
The clock pin password_in/bluetooth/uart_r_1/message_reg[6]/C is not reached by a timing clock
Related violations: <none>

TIMING-17#88 Critical Warning
Non-clocked sequential cell  
The clock pin password_in/bluetooth/uart_r_1/message_reg[7]/C is not reached by a timing clock
Related violations: <none>

TIMING-17#89 Critical Warning
Non-clocked sequential cell  
The clock pin password_in/bluetooth/uart_r_1/over_reg/C is not reached by a timing clock
Related violations: <none>

TIMING-17#90 Critical Warning
Non-clocked sequential cell  
The clock pin password_in/bluetooth/uart_r_1/r_start_reg/C is not reached by a timing clock
Related violations: <none>

TIMING-17#91 Critical Warning
Non-clocked sequential cell  
The clock pin password_in/bluetooth/uart_t_1/cnt_clk_reg[0]/C is not reached by a timing clock
Related violations: <none>

TIMING-17#92 Critical Warning
Non-clocked sequential cell  
The clock pin password_in/bluetooth/uart_t_1/cnt_clk_reg[10]/C is not reached by a timing clock
Related violations: <none>

TIMING-17#93 Critical Warning
Non-clocked sequential cell  
The clock pin password_in/bluetooth/uart_t_1/cnt_clk_reg[11]/C is not reached by a timing clock
Related violations: <none>

TIMING-17#94 Critical Warning
Non-clocked sequential cell  
The clock pin password_in/bluetooth/uart_t_1/cnt_clk_reg[12]/C is not reached by a timing clock
Related violations: <none>

TIMING-17#95 Critical Warning
Non-clocked sequential cell  
The clock pin password_in/bluetooth/uart_t_1/cnt_clk_reg[1]/C is not reached by a timing clock
Related violations: <none>

TIMING-17#96 Critical Warning
Non-clocked sequential cell  
The clock pin password_in/bluetooth/uart_t_1/cnt_clk_reg[2]/C is not reached by a timing clock
Related violations: <none>

TIMING-17#97 Critical Warning
Non-clocked sequential cell  
The clock pin password_in/bluetooth/uart_t_1/cnt_clk_reg[3]/C is not reached by a timing clock
Related violations: <none>

TIMING-17#98 Critical Warning
Non-clocked sequential cell  
The clock pin password_in/bluetooth/uart_t_1/cnt_clk_reg[4]/C is not reached by a timing clock
Related violations: <none>

TIMING-17#99 Critical Warning
Non-clocked sequential cell  
The clock pin password_in/bluetooth/uart_t_1/cnt_clk_reg[5]/C is not reached by a timing clock
Related violations: <none>

TIMING-17#100 Critical Warning
Non-clocked sequential cell  
The clock pin password_in/bluetooth/uart_t_1/cnt_clk_reg[6]/C is not reached by a timing clock
Related violations: <none>

TIMING-17#101 Critical Warning
Non-clocked sequential cell  
The clock pin password_in/bluetooth/uart_t_1/cnt_clk_reg[7]/C is not reached by a timing clock
Related violations: <none>

TIMING-17#102 Critical Warning
Non-clocked sequential cell  
The clock pin password_in/bluetooth/uart_t_1/cnt_clk_reg[8]/C is not reached by a timing clock
Related violations: <none>

TIMING-17#103 Critical Warning
Non-clocked sequential cell  
The clock pin password_in/bluetooth/uart_t_1/cnt_clk_reg[9]/C is not reached by a timing clock
Related violations: <none>

TIMING-17#104 Critical Warning
Non-clocked sequential cell  
The clock pin password_in/bluetooth/uart_t_1/cnt_message_reg[0]/C is not reached by a timing clock
Related violations: <none>

TIMING-17#105 Critical Warning
Non-clocked sequential cell  
The clock pin password_in/bluetooth/uart_t_1/cnt_message_reg[1]/C is not reached by a timing clock
Related violations: <none>

TIMING-17#106 Critical Warning
Non-clocked sequential cell  
The clock pin password_in/bluetooth/uart_t_1/cnt_message_reg[2]/C is not reached by a timing clock
Related violations: <none>

TIMING-17#107 Critical Warning
Non-clocked sequential cell  
The clock pin password_in/bluetooth/uart_t_1/cnt_message_reg[3]/C is not reached by a timing clock
Related violations: <none>

TIMING-17#108 Critical Warning
Non-clocked sequential cell  
The clock pin password_in/bluetooth/uart_t_1/cnt_message_reg[4]/C is not reached by a timing clock
Related violations: <none>

TIMING-17#109 Critical Warning
Non-clocked sequential cell  
The clock pin password_in/bluetooth/uart_t_1/t_start_reg/C is not reached by a timing clock
Related violations: <none>

TIMING-17#110 Critical Warning
Non-clocked sequential cell  
The clock pin password_in/bluetooth/uart_t_1/tx_reg/C is not reached by a timing clock
Related violations: <none>

TIMING-17#111 Critical Warning
Non-clocked sequential cell  
The clock pin password_in/count_reg[0]/C is not reached by a timing clock
Related violations: <none>

TIMING-17#112 Critical Warning
Non-clocked sequential cell  
The clock pin password_in/count_reg[1]/C is not reached by a timing clock
Related violations: <none>

TIMING-17#113 Critical Warning
Non-clocked sequential cell  
The clock pin password_in/count_reg[2]/C is not reached by a timing clock
Related violations: <none>

TIMING-17#114 Critical Warning
Non-clocked sequential cell  
The clock pin password_in/message_reg_reg[0]/C is not reached by a timing clock
Related violations: <none>

TIMING-17#115 Critical Warning
Non-clocked sequential cell  
The clock pin password_in/message_reg_reg[1]/C is not reached by a timing clock
Related violations: <none>

TIMING-17#116 Critical Warning
Non-clocked sequential cell  
The clock pin password_in/message_reg_reg[2]/C is not reached by a timing clock
Related violations: <none>

TIMING-17#117 Critical Warning
Non-clocked sequential cell  
The clock pin password_in/message_reg_reg[3]/C is not reached by a timing clock
Related violations: <none>

TIMING-17#118 Critical Warning
Non-clocked sequential cell  
The clock pin password_in/password_bcd_reg[0]/C is not reached by a timing clock
Related violations: <none>

TIMING-17#119 Critical Warning
Non-clocked sequential cell  
The clock pin password_in/password_bcd_reg[10]/C is not reached by a timing clock
Related violations: <none>

TIMING-17#120 Critical Warning
Non-clocked sequential cell  
The clock pin password_in/password_bcd_reg[11]/C is not reached by a timing clock
Related violations: <none>

TIMING-17#121 Critical Warning
Non-clocked sequential cell  
The clock pin password_in/password_bcd_reg[12]/C is not reached by a timing clock
Related violations: <none>

TIMING-17#122 Critical Warning
Non-clocked sequential cell  
The clock pin password_in/password_bcd_reg[13]/C is not reached by a timing clock
Related violations: <none>

TIMING-17#123 Critical Warning
Non-clocked sequential cell  
The clock pin password_in/password_bcd_reg[14]/C is not reached by a timing clock
Related violations: <none>

TIMING-17#124 Critical Warning
Non-clocked sequential cell  
The clock pin password_in/password_bcd_reg[15]/C is not reached by a timing clock
Related violations: <none>

TIMING-17#125 Critical Warning
Non-clocked sequential cell  
The clock pin password_in/password_bcd_reg[16]/C is not reached by a timing clock
Related violations: <none>

TIMING-17#126 Critical Warning
Non-clocked sequential cell  
The clock pin password_in/password_bcd_reg[17]/C is not reached by a timing clock
Related violations: <none>

TIMING-17#127 Critical Warning
Non-clocked sequential cell  
The clock pin password_in/password_bcd_reg[18]/C is not reached by a timing clock
Related violations: <none>

TIMING-17#128 Critical Warning
Non-clocked sequential cell  
The clock pin password_in/password_bcd_reg[19]/C is not reached by a timing clock
Related violations: <none>

TIMING-17#129 Critical Warning
Non-clocked sequential cell  
The clock pin password_in/password_bcd_reg[1]/C is not reached by a timing clock
Related violations: <none>

TIMING-17#130 Critical Warning
Non-clocked sequential cell  
The clock pin password_in/password_bcd_reg[20]/C is not reached by a timing clock
Related violations: <none>

TIMING-17#131 Critical Warning
Non-clocked sequential cell  
The clock pin password_in/password_bcd_reg[21]/C is not reached by a timing clock
Related violations: <none>

TIMING-17#132 Critical Warning
Non-clocked sequential cell  
The clock pin password_in/password_bcd_reg[22]/C is not reached by a timing clock
Related violations: <none>

TIMING-17#133 Critical Warning
Non-clocked sequential cell  
The clock pin password_in/password_bcd_reg[23]/C is not reached by a timing clock
Related violations: <none>

TIMING-17#134 Critical Warning
Non-clocked sequential cell  
The clock pin password_in/password_bcd_reg[2]/C is not reached by a timing clock
Related violations: <none>

TIMING-17#135 Critical Warning
Non-clocked sequential cell  
The clock pin password_in/password_bcd_reg[3]/C is not reached by a timing clock
Related violations: <none>

TIMING-17#136 Critical Warning
Non-clocked sequential cell  
The clock pin password_in/password_bcd_reg[4]/C is not reached by a timing clock
Related violations: <none>

TIMING-17#137 Critical Warning
Non-clocked sequential cell  
The clock pin password_in/password_bcd_reg[5]/C is not reached by a timing clock
Related violations: <none>

TIMING-17#138 Critical Warning
Non-clocked sequential cell  
The clock pin password_in/password_bcd_reg[6]/C is not reached by a timing clock
Related violations: <none>

TIMING-17#139 Critical Warning
Non-clocked sequential cell  
The clock pin password_in/password_bcd_reg[7]/C is not reached by a timing clock
Related violations: <none>

TIMING-17#140 Critical Warning
Non-clocked sequential cell  
The clock pin password_in/password_bcd_reg[8]/C is not reached by a timing clock
Related violations: <none>

TIMING-17#141 Critical Warning
Non-clocked sequential cell  
The clock pin password_in/password_bcd_reg[9]/C is not reached by a timing clock
Related violations: <none>

TIMING-17#142 Critical Warning
Non-clocked sequential cell  
The clock pin state_delay/reset_reg/C is not reached by a timing clock
Related violations: <none>

TIMING-17#143 Critical Warning
Non-clocked sequential cell  
The clock pin state_delay/state_count_reg[0]/C is not reached by a timing clock
Related violations: <none>

TIMING-17#144 Critical Warning
Non-clocked sequential cell  
The clock pin state_delay/state_count_reg[10]/C is not reached by a timing clock
Related violations: <none>

TIMING-17#145 Critical Warning
Non-clocked sequential cell  
The clock pin state_delay/state_count_reg[11]/C is not reached by a timing clock
Related violations: <none>

TIMING-17#146 Critical Warning
Non-clocked sequential cell  
The clock pin state_delay/state_count_reg[12]/C is not reached by a timing clock
Related violations: <none>

TIMING-17#147 Critical Warning
Non-clocked sequential cell  
The clock pin state_delay/state_count_reg[13]/C is not reached by a timing clock
Related violations: <none>

TIMING-17#148 Critical Warning
Non-clocked sequential cell  
The clock pin state_delay/state_count_reg[14]/C is not reached by a timing clock
Related violations: <none>

TIMING-17#149 Critical Warning
Non-clocked sequential cell  
The clock pin state_delay/state_count_reg[15]/C is not reached by a timing clock
Related violations: <none>

TIMING-17#150 Critical Warning
Non-clocked sequential cell  
The clock pin state_delay/state_count_reg[16]/C is not reached by a timing clock
Related violations: <none>

TIMING-17#151 Critical Warning
Non-clocked sequential cell  
The clock pin state_delay/state_count_reg[17]/C is not reached by a timing clock
Related violations: <none>

TIMING-17#152 Critical Warning
Non-clocked sequential cell  
The clock pin state_delay/state_count_reg[18]/C is not reached by a timing clock
Related violations: <none>

TIMING-17#153 Critical Warning
Non-clocked sequential cell  
The clock pin state_delay/state_count_reg[19]/C is not reached by a timing clock
Related violations: <none>

TIMING-17#154 Critical Warning
Non-clocked sequential cell  
The clock pin state_delay/state_count_reg[1]/C is not reached by a timing clock
Related violations: <none>

TIMING-17#155 Critical Warning
Non-clocked sequential cell  
The clock pin state_delay/state_count_reg[20]/C is not reached by a timing clock
Related violations: <none>

TIMING-17#156 Critical Warning
Non-clocked sequential cell  
The clock pin state_delay/state_count_reg[21]/C is not reached by a timing clock
Related violations: <none>

TIMING-17#157 Critical Warning
Non-clocked sequential cell  
The clock pin state_delay/state_count_reg[22]/C is not reached by a timing clock
Related violations: <none>

TIMING-17#158 Critical Warning
Non-clocked sequential cell  
The clock pin state_delay/state_count_reg[23]/C is not reached by a timing clock
Related violations: <none>

TIMING-17#159 Critical Warning
Non-clocked sequential cell  
The clock pin state_delay/state_count_reg[24]/C is not reached by a timing clock
Related violations: <none>

TIMING-17#160 Critical Warning
Non-clocked sequential cell  
The clock pin state_delay/state_count_reg[25]/C is not reached by a timing clock
Related violations: <none>

TIMING-17#161 Critical Warning
Non-clocked sequential cell  
The clock pin state_delay/state_count_reg[26]/C is not reached by a timing clock
Related violations: <none>

TIMING-17#162 Critical Warning
Non-clocked sequential cell  
The clock pin state_delay/state_count_reg[27]/C is not reached by a timing clock
Related violations: <none>

TIMING-17#163 Critical Warning
Non-clocked sequential cell  
The clock pin state_delay/state_count_reg[28]/C is not reached by a timing clock
Related violations: <none>

TIMING-17#164 Critical Warning
Non-clocked sequential cell  
The clock pin state_delay/state_count_reg[29]/C is not reached by a timing clock
Related violations: <none>

TIMING-17#165 Critical Warning
Non-clocked sequential cell  
The clock pin state_delay/state_count_reg[2]/C is not reached by a timing clock
Related violations: <none>

TIMING-17#166 Critical Warning
Non-clocked sequential cell  
The clock pin state_delay/state_count_reg[3]/C is not reached by a timing clock
Related violations: <none>

TIMING-17#167 Critical Warning
Non-clocked sequential cell  
The clock pin state_delay/state_count_reg[4]/C is not reached by a timing clock
Related violations: <none>

TIMING-17#168 Critical Warning
Non-clocked sequential cell  
The clock pin state_delay/state_count_reg[5]/C is not reached by a timing clock
Related violations: <none>

TIMING-17#169 Critical Warning
Non-clocked sequential cell  
The clock pin state_delay/state_count_reg[6]/C is not reached by a timing clock
Related violations: <none>

TIMING-17#170 Critical Warning
Non-clocked sequential cell  
The clock pin state_delay/state_count_reg[7]/C is not reached by a timing clock
Related violations: <none>

TIMING-17#171 Critical Warning
Non-clocked sequential cell  
The clock pin state_delay/state_count_reg[8]/C is not reached by a timing clock
Related violations: <none>

TIMING-17#172 Critical Warning
Non-clocked sequential cell  
The clock pin state_delay/state_count_reg[9]/C is not reached by a timing clock
Related violations: <none>

TIMING-17#173 Critical Warning
Non-clocked sequential cell  
The clock pin state_machine/FSM_sequential_state_reg[0]/C is not reached by a timing clock
Related violations: <none>

TIMING-17#174 Critical Warning
Non-clocked sequential cell  
The clock pin state_machine/FSM_sequential_state_reg[1]/C is not reached by a timing clock
Related violations: <none>

TIMING-17#175 Critical Warning
Non-clocked sequential cell  
The clock pin state_machine/FSM_sequential_state_reg[2]/C is not reached by a timing clock
Related violations: <none>

TIMING-17#176 Critical Warning
Non-clocked sequential cell  
The clock pin state_machine/password_management/password_main_reg[0]_C/C is not reached by a timing clock
Related violations: <none>

TIMING-17#177 Critical Warning
Non-clocked sequential cell  
The clock pin state_machine/password_management/password_main_reg[0]_P/C is not reached by a timing clock
Related violations: <none>

TIMING-17#178 Critical Warning
Non-clocked sequential cell  
The clock pin state_machine/password_management/password_main_reg[10]_C/C is not reached by a timing clock
Related violations: <none>

TIMING-17#179 Critical Warning
Non-clocked sequential cell  
The clock pin state_machine/password_management/password_main_reg[10]_P/C is not reached by a timing clock
Related violations: <none>

TIMING-17#180 Critical Warning
Non-clocked sequential cell  
The clock pin state_machine/password_management/password_main_reg[11]_C/C is not reached by a timing clock
Related violations: <none>

TIMING-17#181 Critical Warning
Non-clocked sequential cell  
The clock pin state_machine/password_management/password_main_reg[11]_P/C is not reached by a timing clock
Related violations: <none>

TIMING-17#182 Critical Warning
Non-clocked sequential cell  
The clock pin state_machine/password_management/password_main_reg[12]_C/C is not reached by a timing clock
Related violations: <none>

TIMING-17#183 Critical Warning
Non-clocked sequential cell  
The clock pin state_machine/password_management/password_main_reg[12]_P/C is not reached by a timing clock
Related violations: <none>

TIMING-17#184 Critical Warning
Non-clocked sequential cell  
The clock pin state_machine/password_management/password_main_reg[13]_C/C is not reached by a timing clock
Related violations: <none>

TIMING-17#185 Critical Warning
Non-clocked sequential cell  
The clock pin state_machine/password_management/password_main_reg[13]_P/C is not reached by a timing clock
Related violations: <none>

TIMING-17#186 Critical Warning
Non-clocked sequential cell  
The clock pin state_machine/password_management/password_main_reg[14]_C/C is not reached by a timing clock
Related violations: <none>

TIMING-17#187 Critical Warning
Non-clocked sequential cell  
The clock pin state_machine/password_management/password_main_reg[14]_P/C is not reached by a timing clock
Related violations: <none>

TIMING-17#188 Critical Warning
Non-clocked sequential cell  
The clock pin state_machine/password_management/password_main_reg[15]_C/C is not reached by a timing clock
Related violations: <none>

TIMING-17#189 Critical Warning
Non-clocked sequential cell  
The clock pin state_machine/password_management/password_main_reg[15]_P/C is not reached by a timing clock
Related violations: <none>

TIMING-17#190 Critical Warning
Non-clocked sequential cell  
The clock pin state_machine/password_management/password_main_reg[16]_C/C is not reached by a timing clock
Related violations: <none>

TIMING-17#191 Critical Warning
Non-clocked sequential cell  
The clock pin state_machine/password_management/password_main_reg[16]_P/C is not reached by a timing clock
Related violations: <none>

TIMING-17#192 Critical Warning
Non-clocked sequential cell  
The clock pin state_machine/password_management/password_main_reg[17]_C/C is not reached by a timing clock
Related violations: <none>

TIMING-17#193 Critical Warning
Non-clocked sequential cell  
The clock pin state_machine/password_management/password_main_reg[17]_P/C is not reached by a timing clock
Related violations: <none>

TIMING-17#194 Critical Warning
Non-clocked sequential cell  
The clock pin state_machine/password_management/password_main_reg[18]_C/C is not reached by a timing clock
Related violations: <none>

TIMING-17#195 Critical Warning
Non-clocked sequential cell  
The clock pin state_machine/password_management/password_main_reg[18]_P/C is not reached by a timing clock
Related violations: <none>

TIMING-17#196 Critical Warning
Non-clocked sequential cell  
The clock pin state_machine/password_management/password_main_reg[19]_C/C is not reached by a timing clock
Related violations: <none>

TIMING-17#197 Critical Warning
Non-clocked sequential cell  
The clock pin state_machine/password_management/password_main_reg[19]_P/C is not reached by a timing clock
Related violations: <none>

TIMING-17#198 Critical Warning
Non-clocked sequential cell  
The clock pin state_machine/password_management/password_main_reg[1]_C/C is not reached by a timing clock
Related violations: <none>

TIMING-17#199 Critical Warning
Non-clocked sequential cell  
The clock pin state_machine/password_management/password_main_reg[1]_P/C is not reached by a timing clock
Related violations: <none>

TIMING-17#200 Critical Warning
Non-clocked sequential cell  
The clock pin state_machine/password_management/password_main_reg[20]_C/C is not reached by a timing clock
Related violations: <none>

TIMING-17#201 Critical Warning
Non-clocked sequential cell  
The clock pin state_machine/password_management/password_main_reg[20]_P/C is not reached by a timing clock
Related violations: <none>

TIMING-17#202 Critical Warning
Non-clocked sequential cell  
The clock pin state_machine/password_management/password_main_reg[21]_C/C is not reached by a timing clock
Related violations: <none>

TIMING-17#203 Critical Warning
Non-clocked sequential cell  
The clock pin state_machine/password_management/password_main_reg[21]_P/C is not reached by a timing clock
Related violations: <none>

TIMING-17#204 Critical Warning
Non-clocked sequential cell  
The clock pin state_machine/password_management/password_main_reg[22]_C/C is not reached by a timing clock
Related violations: <none>

TIMING-17#205 Critical Warning
Non-clocked sequential cell  
The clock pin state_machine/password_management/password_main_reg[22]_P/C is not reached by a timing clock
Related violations: <none>

TIMING-17#206 Critical Warning
Non-clocked sequential cell  
The clock pin state_machine/password_management/password_main_reg[23]_C/C is not reached by a timing clock
Related violations: <none>

TIMING-17#207 Critical Warning
Non-clocked sequential cell  
The clock pin state_machine/password_management/password_main_reg[23]_P/C is not reached by a timing clock
Related violations: <none>

TIMING-17#208 Critical Warning
Non-clocked sequential cell  
The clock pin state_machine/password_management/password_main_reg[2]_C/C is not reached by a timing clock
Related violations: <none>

TIMING-17#209 Critical Warning
Non-clocked sequential cell  
The clock pin state_machine/password_management/password_main_reg[2]_P/C is not reached by a timing clock
Related violations: <none>

TIMING-17#210 Critical Warning
Non-clocked sequential cell  
The clock pin state_machine/password_management/password_main_reg[3]_C/C is not reached by a timing clock
Related violations: <none>

TIMING-17#211 Critical Warning
Non-clocked sequential cell  
The clock pin state_machine/password_management/password_main_reg[3]_P/C is not reached by a timing clock
Related violations: <none>

TIMING-17#212 Critical Warning
Non-clocked sequential cell  
The clock pin state_machine/password_management/password_main_reg[4]_C/C is not reached by a timing clock
Related violations: <none>

TIMING-17#213 Critical Warning
Non-clocked sequential cell  
The clock pin state_machine/password_management/password_main_reg[4]_P/C is not reached by a timing clock
Related violations: <none>

TIMING-17#214 Critical Warning
Non-clocked sequential cell  
The clock pin state_machine/password_management/password_main_reg[5]_C/C is not reached by a timing clock
Related violations: <none>

TIMING-17#215 Critical Warning
Non-clocked sequential cell  
The clock pin state_machine/password_management/password_main_reg[5]_P/C is not reached by a timing clock
Related violations: <none>

TIMING-17#216 Critical Warning
Non-clocked sequential cell  
The clock pin state_machine/password_management/password_main_reg[6]_C/C is not reached by a timing clock
Related violations: <none>

TIMING-17#217 Critical Warning
Non-clocked sequential cell  
The clock pin state_machine/password_management/password_main_reg[6]_P/C is not reached by a timing clock
Related violations: <none>

TIMING-17#218 Critical Warning
Non-clocked sequential cell  
The clock pin state_machine/password_management/password_main_reg[7]_C/C is not reached by a timing clock
Related violations: <none>

TIMING-17#219 Critical Warning
Non-clocked sequential cell  
The clock pin state_machine/password_management/password_main_reg[7]_P/C is not reached by a timing clock
Related violations: <none>

TIMING-17#220 Critical Warning
Non-clocked sequential cell  
The clock pin state_machine/password_management/password_main_reg[8]_C/C is not reached by a timing clock
Related violations: <none>

TIMING-17#221 Critical Warning
Non-clocked sequential cell  
The clock pin state_machine/password_management/password_main_reg[8]_P/C is not reached by a timing clock
Related violations: <none>

TIMING-17#222 Critical Warning
Non-clocked sequential cell  
The clock pin state_machine/password_management/password_main_reg[9]_C/C is not reached by a timing clock
Related violations: <none>

TIMING-17#223 Critical Warning
Non-clocked sequential cell  
The clock pin state_machine/password_management/password_main_reg[9]_P/C is not reached by a timing clock
Related violations: <none>

TIMING-17#224 Critical Warning
Non-clocked sequential cell  
The clock pin state_machine/password_management/result_reg/C is not reached by a timing clock
Related violations: <none>

LUTAR-1#1 Warning
LUT drives async reset alert  
LUT cell password_in/password_main_reg[0]_LDC_i_1, with 2 or more inputs, drives asynchronous preset/clear pin(s) state_machine/password_management/password_main_reg[0]_P/PRE. The LUT may glitch and trigger an unexpected reset, even if it is a properly timed path.
Related violations: <none>

LUTAR-1#2 Warning
LUT drives async reset alert  
LUT cell password_in/password_main_reg[10]_LDC_i_1, with 2 or more inputs, drives asynchronous preset/clear pin(s) state_machine/password_management/password_main_reg[10]_P/PRE. The LUT may glitch and trigger an unexpected reset, even if it is a properly timed path.
Related violations: <none>

LUTAR-1#3 Warning
LUT drives async reset alert  
LUT cell password_in/password_main_reg[11]_LDC_i_1, with 2 or more inputs, drives asynchronous preset/clear pin(s) state_machine/password_management/password_main_reg[11]_P/PRE. The LUT may glitch and trigger an unexpected reset, even if it is a properly timed path.
Related violations: <none>

LUTAR-1#4 Warning
LUT drives async reset alert  
LUT cell password_in/password_main_reg[12]_LDC_i_1, with 2 or more inputs, drives asynchronous preset/clear pin(s) state_machine/password_management/password_main_reg[12]_P/PRE. The LUT may glitch and trigger an unexpected reset, even if it is a properly timed path.
Related violations: <none>

LUTAR-1#5 Warning
LUT drives async reset alert  
LUT cell password_in/password_main_reg[13]_LDC_i_1, with 2 or more inputs, drives asynchronous preset/clear pin(s) state_machine/password_management/password_main_reg[13]_P/PRE. The LUT may glitch and trigger an unexpected reset, even if it is a properly timed path.
Related violations: <none>

LUTAR-1#6 Warning
LUT drives async reset alert  
LUT cell password_in/password_main_reg[14]_LDC_i_1, with 2 or more inputs, drives asynchronous preset/clear pin(s) state_machine/password_management/password_main_reg[14]_P/PRE. The LUT may glitch and trigger an unexpected reset, even if it is a properly timed path.
Related violations: <none>

LUTAR-1#7 Warning
LUT drives async reset alert  
LUT cell password_in/password_main_reg[15]_LDC_i_1, with 2 or more inputs, drives asynchronous preset/clear pin(s) state_machine/password_management/password_main_reg[15]_P/PRE. The LUT may glitch and trigger an unexpected reset, even if it is a properly timed path.
Related violations: <none>

LUTAR-1#8 Warning
LUT drives async reset alert  
LUT cell password_in/password_main_reg[16]_LDC_i_1, with 2 or more inputs, drives asynchronous preset/clear pin(s) state_machine/password_management/password_main_reg[16]_P/PRE. The LUT may glitch and trigger an unexpected reset, even if it is a properly timed path.
Related violations: <none>

LUTAR-1#9 Warning
LUT drives async reset alert  
LUT cell password_in/password_main_reg[17]_LDC_i_1, with 2 or more inputs, drives asynchronous preset/clear pin(s) state_machine/password_management/password_main_reg[17]_P/PRE. The LUT may glitch and trigger an unexpected reset, even if it is a properly timed path.
Related violations: <none>

LUTAR-1#10 Warning
LUT drives async reset alert  
LUT cell password_in/password_main_reg[18]_LDC_i_1, with 2 or more inputs, drives asynchronous preset/clear pin(s) state_machine/password_management/password_main_reg[18]_P/PRE. The LUT may glitch and trigger an unexpected reset, even if it is a properly timed path.
Related violations: <none>

LUTAR-1#11 Warning
LUT drives async reset alert  
LUT cell password_in/password_main_reg[19]_LDC_i_1, with 2 or more inputs, drives asynchronous preset/clear pin(s) state_machine/password_management/password_main_reg[19]_P/PRE. The LUT may glitch and trigger an unexpected reset, even if it is a properly timed path.
Related violations: <none>

LUTAR-1#12 Warning
LUT drives async reset alert  
LUT cell password_in/password_main_reg[1]_LDC_i_1, with 2 or more inputs, drives asynchronous preset/clear pin(s) state_machine/password_management/password_main_reg[1]_P/PRE. The LUT may glitch and trigger an unexpected reset, even if it is a properly timed path.
Related violations: <none>

LUTAR-1#13 Warning
LUT drives async reset alert  
LUT cell password_in/password_main_reg[20]_LDC_i_1, with 2 or more inputs, drives asynchronous preset/clear pin(s) state_machine/password_management/password_main_reg[20]_P/PRE. The LUT may glitch and trigger an unexpected reset, even if it is a properly timed path.
Related violations: <none>

LUTAR-1#14 Warning
LUT drives async reset alert  
LUT cell password_in/password_main_reg[21]_LDC_i_1, with 2 or more inputs, drives asynchronous preset/clear pin(s) state_machine/password_management/password_main_reg[21]_P/PRE. The LUT may glitch and trigger an unexpected reset, even if it is a properly timed path.
Related violations: <none>

LUTAR-1#15 Warning
LUT drives async reset alert  
LUT cell password_in/password_main_reg[22]_LDC_i_1, with 2 or more inputs, drives asynchronous preset/clear pin(s) state_machine/password_management/password_main_reg[22]_P/PRE. The LUT may glitch and trigger an unexpected reset, even if it is a properly timed path.
Related violations: <none>

LUTAR-1#16 Warning
LUT drives async reset alert  
LUT cell password_in/password_main_reg[23]_LDC_i_1, with 2 or more inputs, drives asynchronous preset/clear pin(s) state_machine/password_management/password_main_reg[23]_P/PRE. The LUT may glitch and trigger an unexpected reset, even if it is a properly timed path.
Related violations: <none>

LUTAR-1#17 Warning
LUT drives async reset alert  
LUT cell password_in/password_main_reg[2]_LDC_i_1, with 2 or more inputs, drives asynchronous preset/clear pin(s) state_machine/password_management/password_main_reg[2]_P/PRE. The LUT may glitch and trigger an unexpected reset, even if it is a properly timed path.
Related violations: <none>

LUTAR-1#18 Warning
LUT drives async reset alert  
LUT cell password_in/password_main_reg[3]_LDC_i_1, with 2 or more inputs, drives asynchronous preset/clear pin(s) state_machine/password_management/password_main_reg[3]_P/PRE. The LUT may glitch and trigger an unexpected reset, even if it is a properly timed path.
Related violations: <none>

LUTAR-1#19 Warning
LUT drives async reset alert  
LUT cell password_in/password_main_reg[4]_LDC_i_1, with 2 or more inputs, drives asynchronous preset/clear pin(s) state_machine/password_management/password_main_reg[4]_P/PRE. The LUT may glitch and trigger an unexpected reset, even if it is a properly timed path.
Related violations: <none>

LUTAR-1#20 Warning
LUT drives async reset alert  
LUT cell password_in/password_main_reg[5]_LDC_i_1, with 2 or more inputs, drives asynchronous preset/clear pin(s) state_machine/password_management/password_main_reg[5]_P/PRE. The LUT may glitch and trigger an unexpected reset, even if it is a properly timed path.
Related violations: <none>

LUTAR-1#21 Warning
LUT drives async reset alert  
LUT cell password_in/password_main_reg[6]_LDC_i_1, with 2 or more inputs, drives asynchronous preset/clear pin(s) state_machine/password_management/password_main_reg[6]_P/PRE. The LUT may glitch and trigger an unexpected reset, even if it is a properly timed path.
Related violations: <none>

LUTAR-1#22 Warning
LUT drives async reset alert  
LUT cell password_in/password_main_reg[7]_LDC_i_1, with 2 or more inputs, drives asynchronous preset/clear pin(s) state_machine/password_management/password_main_reg[7]_P/PRE. The LUT may glitch and trigger an unexpected reset, even if it is a properly timed path.
Related violations: <none>

LUTAR-1#23 Warning
LUT drives async reset alert  
LUT cell password_in/password_main_reg[8]_LDC_i_1, with 2 or more inputs, drives asynchronous preset/clear pin(s) state_machine/password_management/password_main_reg[8]_P/PRE. The LUT may glitch and trigger an unexpected reset, even if it is a properly timed path.
Related violations: <none>

LUTAR-1#24 Warning
LUT drives async reset alert  
LUT cell password_in/password_main_reg[9]_LDC_i_1, with 2 or more inputs, drives asynchronous preset/clear pin(s) state_machine/password_management/password_main_reg[9]_P/PRE. The LUT may glitch and trigger an unexpected reset, even if it is a properly timed path.
Related violations: <none>

LUTAR-1#25 Warning
LUT drives async reset alert  
LUT cell state_machine/password_management/password_main_reg[0]_LDC_i_2, with 2 or more inputs, drives asynchronous preset/clear pin(s) state_machine/password_management/password_main_reg[0]_C/CLR
state_machine/password_management/password_main_reg[0]_LDC/CLR. The LUT may glitch and trigger an unexpected reset, even if it is a properly timed path.
Related violations: <none>

LUTAR-1#26 Warning
LUT drives async reset alert  
LUT cell state_machine/password_management/password_main_reg[10]_LDC_i_2, with 2 or more inputs, drives asynchronous preset/clear pin(s) state_machine/password_management/password_main_reg[10]_C/CLR
state_machine/password_management/password_main_reg[10]_LDC/CLR. The LUT may glitch and trigger an unexpected reset, even if it is a properly timed path.
Related violations: <none>

LUTAR-1#27 Warning
LUT drives async reset alert  
LUT cell state_machine/password_management/password_main_reg[11]_LDC_i_2, with 2 or more inputs, drives asynchronous preset/clear pin(s) state_machine/password_management/password_main_reg[11]_C/CLR
state_machine/password_management/password_main_reg[11]_LDC/CLR. The LUT may glitch and trigger an unexpected reset, even if it is a properly timed path.
Related violations: <none>

LUTAR-1#28 Warning
LUT drives async reset alert  
LUT cell state_machine/password_management/password_main_reg[12]_LDC_i_2, with 2 or more inputs, drives asynchronous preset/clear pin(s) state_machine/password_management/password_main_reg[12]_C/CLR
state_machine/password_management/password_main_reg[12]_LDC/CLR. The LUT may glitch and trigger an unexpected reset, even if it is a properly timed path.
Related violations: <none>

LUTAR-1#29 Warning
LUT drives async reset alert  
LUT cell state_machine/password_management/password_main_reg[13]_LDC_i_2, with 2 or more inputs, drives asynchronous preset/clear pin(s) state_machine/password_management/password_main_reg[13]_C/CLR
state_machine/password_management/password_main_reg[13]_LDC/CLR. The LUT may glitch and trigger an unexpected reset, even if it is a properly timed path.
Related violations: <none>

LUTAR-1#30 Warning
LUT drives async reset alert  
LUT cell state_machine/password_management/password_main_reg[14]_LDC_i_2, with 2 or more inputs, drives asynchronous preset/clear pin(s) state_machine/password_management/password_main_reg[14]_C/CLR
state_machine/password_management/password_main_reg[14]_LDC/CLR. The LUT may glitch and trigger an unexpected reset, even if it is a properly timed path.
Related violations: <none>

LUTAR-1#31 Warning
LUT drives async reset alert  
LUT cell state_machine/password_management/password_main_reg[15]_LDC_i_2, with 2 or more inputs, drives asynchronous preset/clear pin(s) state_machine/password_management/password_main_reg[15]_C/CLR
state_machine/password_management/password_main_reg[15]_LDC/CLR. The LUT may glitch and trigger an unexpected reset, even if it is a properly timed path.
Related violations: <none>

LUTAR-1#32 Warning
LUT drives async reset alert  
LUT cell state_machine/password_management/password_main_reg[16]_LDC_i_2, with 2 or more inputs, drives asynchronous preset/clear pin(s) state_machine/password_management/password_main_reg[16]_C/CLR
state_machine/password_management/password_main_reg[16]_LDC/CLR. The LUT may glitch and trigger an unexpected reset, even if it is a properly timed path.
Related violations: <none>

LUTAR-1#33 Warning
LUT drives async reset alert  
LUT cell state_machine/password_management/password_main_reg[17]_LDC_i_2, with 2 or more inputs, drives asynchronous preset/clear pin(s) state_machine/password_management/password_main_reg[17]_C/CLR
state_machine/password_management/password_main_reg[17]_LDC/CLR. The LUT may glitch and trigger an unexpected reset, even if it is a properly timed path.
Related violations: <none>

LUTAR-1#34 Warning
LUT drives async reset alert  
LUT cell state_machine/password_management/password_main_reg[18]_LDC_i_2, with 2 or more inputs, drives asynchronous preset/clear pin(s) state_machine/password_management/password_main_reg[18]_C/CLR
state_machine/password_management/password_main_reg[18]_LDC/CLR. The LUT may glitch and trigger an unexpected reset, even if it is a properly timed path.
Related violations: <none>

LUTAR-1#35 Warning
LUT drives async reset alert  
LUT cell state_machine/password_management/password_main_reg[19]_LDC_i_2, with 2 or more inputs, drives asynchronous preset/clear pin(s) state_machine/password_management/password_main_reg[19]_C/CLR
state_machine/password_management/password_main_reg[19]_LDC/CLR. The LUT may glitch and trigger an unexpected reset, even if it is a properly timed path.
Related violations: <none>

LUTAR-1#36 Warning
LUT drives async reset alert  
LUT cell state_machine/password_management/password_main_reg[1]_LDC_i_2, with 2 or more inputs, drives asynchronous preset/clear pin(s) state_machine/password_management/password_main_reg[1]_C/CLR
state_machine/password_management/password_main_reg[1]_LDC/CLR. The LUT may glitch and trigger an unexpected reset, even if it is a properly timed path.
Related violations: <none>

LUTAR-1#37 Warning
LUT drives async reset alert  
LUT cell state_machine/password_management/password_main_reg[20]_LDC_i_2, with 2 or more inputs, drives asynchronous preset/clear pin(s) state_machine/password_management/password_main_reg[20]_C/CLR
state_machine/password_management/password_main_reg[20]_LDC/CLR. The LUT may glitch and trigger an unexpected reset, even if it is a properly timed path.
Related violations: <none>

LUTAR-1#38 Warning
LUT drives async reset alert  
LUT cell state_machine/password_management/password_main_reg[21]_LDC_i_2, with 2 or more inputs, drives asynchronous preset/clear pin(s) state_machine/password_management/password_main_reg[21]_C/CLR
state_machine/password_management/password_main_reg[21]_LDC/CLR. The LUT may glitch and trigger an unexpected reset, even if it is a properly timed path.
Related violations: <none>

LUTAR-1#39 Warning
LUT drives async reset alert  
LUT cell state_machine/password_management/password_main_reg[22]_LDC_i_2, with 2 or more inputs, drives asynchronous preset/clear pin(s) state_machine/password_management/password_main_reg[22]_C/CLR
state_machine/password_management/password_main_reg[22]_LDC/CLR. The LUT may glitch and trigger an unexpected reset, even if it is a properly timed path.
Related violations: <none>

LUTAR-1#40 Warning
LUT drives async reset alert  
LUT cell state_machine/password_management/password_main_reg[23]_LDC_i_2, with 2 or more inputs, drives asynchronous preset/clear pin(s) state_machine/password_management/password_main_reg[23]_C/CLR
state_machine/password_management/password_main_reg[23]_LDC/CLR. The LUT may glitch and trigger an unexpected reset, even if it is a properly timed path.
Related violations: <none>

LUTAR-1#41 Warning
LUT drives async reset alert  
LUT cell state_machine/password_management/password_main_reg[2]_LDC_i_2, with 2 or more inputs, drives asynchronous preset/clear pin(s) state_machine/password_management/password_main_reg[2]_C/CLR
state_machine/password_management/password_main_reg[2]_LDC/CLR. The LUT may glitch and trigger an unexpected reset, even if it is a properly timed path.
Related violations: <none>

LUTAR-1#42 Warning
LUT drives async reset alert  
LUT cell state_machine/password_management/password_main_reg[3]_LDC_i_2, with 2 or more inputs, drives asynchronous preset/clear pin(s) state_machine/password_management/password_main_reg[3]_C/CLR
state_machine/password_management/password_main_reg[3]_LDC/CLR. The LUT may glitch and trigger an unexpected reset, even if it is a properly timed path.
Related violations: <none>

LUTAR-1#43 Warning
LUT drives async reset alert  
LUT cell state_machine/password_management/password_main_reg[4]_LDC_i_2, with 2 or more inputs, drives asynchronous preset/clear pin(s) state_machine/password_management/password_main_reg[4]_C/CLR
state_machine/password_management/password_main_reg[4]_LDC/CLR. The LUT may glitch and trigger an unexpected reset, even if it is a properly timed path.
Related violations: <none>

LUTAR-1#44 Warning
LUT drives async reset alert  
LUT cell state_machine/password_management/password_main_reg[5]_LDC_i_2, with 2 or more inputs, drives asynchronous preset/clear pin(s) state_machine/password_management/password_main_reg[5]_C/CLR
state_machine/password_management/password_main_reg[5]_LDC/CLR. The LUT may glitch and trigger an unexpected reset, even if it is a properly timed path.
Related violations: <none>

LUTAR-1#45 Warning
LUT drives async reset alert  
LUT cell state_machine/password_management/password_main_reg[6]_LDC_i_2, with 2 or more inputs, drives asynchronous preset/clear pin(s) state_machine/password_management/password_main_reg[6]_C/CLR
state_machine/password_management/password_main_reg[6]_LDC/CLR. The LUT may glitch and trigger an unexpected reset, even if it is a properly timed path.
Related violations: <none>

LUTAR-1#46 Warning
LUT drives async reset alert  
LUT cell state_machine/password_management/password_main_reg[7]_LDC_i_2, with 2 or more inputs, drives asynchronous preset/clear pin(s) state_machine/password_management/password_main_reg[7]_C/CLR
state_machine/password_management/password_main_reg[7]_LDC/CLR. The LUT may glitch and trigger an unexpected reset, even if it is a properly timed path.
Related violations: <none>

LUTAR-1#47 Warning
LUT drives async reset alert  
LUT cell state_machine/password_management/password_main_reg[8]_LDC_i_2, with 2 or more inputs, drives asynchronous preset/clear pin(s) state_machine/password_management/password_main_reg[8]_C/CLR
state_machine/password_management/password_main_reg[8]_LDC/CLR. The LUT may glitch and trigger an unexpected reset, even if it is a properly timed path.
Related violations: <none>

LUTAR-1#48 Warning
LUT drives async reset alert  
LUT cell state_machine/password_management/password_main_reg[9]_LDC_i_2, with 2 or more inputs, drives asynchronous preset/clear pin(s) state_machine/password_management/password_main_reg[9]_C/CLR
state_machine/password_management/password_main_reg[9]_LDC/CLR. The LUT may glitch and trigger an unexpected reset, even if it is a properly timed path.
Related violations: <none>

TIMING-20#1 Warning
Non-clocked latch  
The latch state_machine/FSM_sequential_next_state_reg[0] cannot be properly analyzed as its control pin state_machine/FSM_sequential_next_state_reg[0]/G is not reached by a timing clock
Related violations: <none>

TIMING-20#2 Warning
Non-clocked latch  
The latch state_machine/FSM_sequential_next_state_reg[1] cannot be properly analyzed as its control pin state_machine/FSM_sequential_next_state_reg[1]/G is not reached by a timing clock
Related violations: <none>

TIMING-20#3 Warning
Non-clocked latch  
The latch state_machine/FSM_sequential_next_state_reg[2] cannot be properly analyzed as its control pin state_machine/FSM_sequential_next_state_reg[2]/G is not reached by a timing clock
Related violations: <none>

TIMING-20#4 Warning
Non-clocked latch  
The latch state_machine/passowrd_reg_one_reg[0] cannot be properly analyzed as its control pin state_machine/passowrd_reg_one_reg[0]/G is not reached by a timing clock
Related violations: <none>

TIMING-20#5 Warning
Non-clocked latch  
The latch state_machine/passowrd_reg_one_reg[10] cannot be properly analyzed as its control pin state_machine/passowrd_reg_one_reg[10]/G is not reached by a timing clock
Related violations: <none>

TIMING-20#6 Warning
Non-clocked latch  
The latch state_machine/passowrd_reg_one_reg[11] cannot be properly analyzed as its control pin state_machine/passowrd_reg_one_reg[11]/G is not reached by a timing clock
Related violations: <none>

TIMING-20#7 Warning
Non-clocked latch  
The latch state_machine/passowrd_reg_one_reg[12] cannot be properly analyzed as its control pin state_machine/passowrd_reg_one_reg[12]/G is not reached by a timing clock
Related violations: <none>

TIMING-20#8 Warning
Non-clocked latch  
The latch state_machine/passowrd_reg_one_reg[13] cannot be properly analyzed as its control pin state_machine/passowrd_reg_one_reg[13]/G is not reached by a timing clock
Related violations: <none>

TIMING-20#9 Warning
Non-clocked latch  
The latch state_machine/passowrd_reg_one_reg[14] cannot be properly analyzed as its control pin state_machine/passowrd_reg_one_reg[14]/G is not reached by a timing clock
Related violations: <none>

TIMING-20#10 Warning
Non-clocked latch  
The latch state_machine/passowrd_reg_one_reg[15] cannot be properly analyzed as its control pin state_machine/passowrd_reg_one_reg[15]/G is not reached by a timing clock
Related violations: <none>

TIMING-20#11 Warning
Non-clocked latch  
The latch state_machine/passowrd_reg_one_reg[16] cannot be properly analyzed as its control pin state_machine/passowrd_reg_one_reg[16]/G is not reached by a timing clock
Related violations: <none>

TIMING-20#12 Warning
Non-clocked latch  
The latch state_machine/passowrd_reg_one_reg[17] cannot be properly analyzed as its control pin state_machine/passowrd_reg_one_reg[17]/G is not reached by a timing clock
Related violations: <none>

TIMING-20#13 Warning
Non-clocked latch  
The latch state_machine/passowrd_reg_one_reg[18] cannot be properly analyzed as its control pin state_machine/passowrd_reg_one_reg[18]/G is not reached by a timing clock
Related violations: <none>

TIMING-20#14 Warning
Non-clocked latch  
The latch state_machine/passowrd_reg_one_reg[19] cannot be properly analyzed as its control pin state_machine/passowrd_reg_one_reg[19]/G is not reached by a timing clock
Related violations: <none>

TIMING-20#15 Warning
Non-clocked latch  
The latch state_machine/passowrd_reg_one_reg[1] cannot be properly analyzed as its control pin state_machine/passowrd_reg_one_reg[1]/G is not reached by a timing clock
Related violations: <none>

TIMING-20#16 Warning
Non-clocked latch  
The latch state_machine/passowrd_reg_one_reg[20] cannot be properly analyzed as its control pin state_machine/passowrd_reg_one_reg[20]/G is not reached by a timing clock
Related violations: <none>

TIMING-20#17 Warning
Non-clocked latch  
The latch state_machine/passowrd_reg_one_reg[21] cannot be properly analyzed as its control pin state_machine/passowrd_reg_one_reg[21]/G is not reached by a timing clock
Related violations: <none>

TIMING-20#18 Warning
Non-clocked latch  
The latch state_machine/passowrd_reg_one_reg[22] cannot be properly analyzed as its control pin state_machine/passowrd_reg_one_reg[22]/G is not reached by a timing clock
Related violations: <none>

TIMING-20#19 Warning
Non-clocked latch  
The latch state_machine/passowrd_reg_one_reg[23] cannot be properly analyzed as its control pin state_machine/passowrd_reg_one_reg[23]/G is not reached by a timing clock
Related violations: <none>

TIMING-20#20 Warning
Non-clocked latch  
The latch state_machine/passowrd_reg_one_reg[2] cannot be properly analyzed as its control pin state_machine/passowrd_reg_one_reg[2]/G is not reached by a timing clock
Related violations: <none>

TIMING-20#21 Warning
Non-clocked latch  
The latch state_machine/passowrd_reg_one_reg[3] cannot be properly analyzed as its control pin state_machine/passowrd_reg_one_reg[3]/G is not reached by a timing clock
Related violations: <none>

TIMING-20#22 Warning
Non-clocked latch  
The latch state_machine/passowrd_reg_one_reg[4] cannot be properly analyzed as its control pin state_machine/passowrd_reg_one_reg[4]/G is not reached by a timing clock
Related violations: <none>

TIMING-20#23 Warning
Non-clocked latch  
The latch state_machine/passowrd_reg_one_reg[5] cannot be properly analyzed as its control pin state_machine/passowrd_reg_one_reg[5]/G is not reached by a timing clock
Related violations: <none>

TIMING-20#24 Warning
Non-clocked latch  
The latch state_machine/passowrd_reg_one_reg[6] cannot be properly analyzed as its control pin state_machine/passowrd_reg_one_reg[6]/G is not reached by a timing clock
Related violations: <none>

TIMING-20#25 Warning
Non-clocked latch  
The latch state_machine/passowrd_reg_one_reg[7] cannot be properly analyzed as its control pin state_machine/passowrd_reg_one_reg[7]/G is not reached by a timing clock
Related violations: <none>

TIMING-20#26 Warning
Non-clocked latch  
The latch state_machine/passowrd_reg_one_reg[8] cannot be properly analyzed as its control pin state_machine/passowrd_reg_one_reg[8]/G is not reached by a timing clock
Related violations: <none>

TIMING-20#27 Warning
Non-clocked latch  
The latch state_machine/passowrd_reg_one_reg[9] cannot be properly analyzed as its control pin state_machine/passowrd_reg_one_reg[9]/G is not reached by a timing clock
Related violations: <none>

TIMING-20#28 Warning
Non-clocked latch  
The latch state_machine/password_management/password_main_reg[0]_LDC cannot be properly analyzed as its control pin state_machine/password_management/password_main_reg[0]_LDC/G is not reached by a timing clock
Related violations: <none>

TIMING-20#29 Warning
Non-clocked latch  
The latch state_machine/password_management/password_main_reg[10]_LDC cannot be properly analyzed as its control pin state_machine/password_management/password_main_reg[10]_LDC/G is not reached by a timing clock
Related violations: <none>

TIMING-20#30 Warning
Non-clocked latch  
The latch state_machine/password_management/password_main_reg[11]_LDC cannot be properly analyzed as its control pin state_machine/password_management/password_main_reg[11]_LDC/G is not reached by a timing clock
Related violations: <none>

TIMING-20#31 Warning
Non-clocked latch  
The latch state_machine/password_management/password_main_reg[12]_LDC cannot be properly analyzed as its control pin state_machine/password_management/password_main_reg[12]_LDC/G is not reached by a timing clock
Related violations: <none>

TIMING-20#32 Warning
Non-clocked latch  
The latch state_machine/password_management/password_main_reg[13]_LDC cannot be properly analyzed as its control pin state_machine/password_management/password_main_reg[13]_LDC/G is not reached by a timing clock
Related violations: <none>

TIMING-20#33 Warning
Non-clocked latch  
The latch state_machine/password_management/password_main_reg[14]_LDC cannot be properly analyzed as its control pin state_machine/password_management/password_main_reg[14]_LDC/G is not reached by a timing clock
Related violations: <none>

TIMING-20#34 Warning
Non-clocked latch  
The latch state_machine/password_management/password_main_reg[15]_LDC cannot be properly analyzed as its control pin state_machine/password_management/password_main_reg[15]_LDC/G is not reached by a timing clock
Related violations: <none>

TIMING-20#35 Warning
Non-clocked latch  
The latch state_machine/password_management/password_main_reg[16]_LDC cannot be properly analyzed as its control pin state_machine/password_management/password_main_reg[16]_LDC/G is not reached by a timing clock
Related violations: <none>

TIMING-20#36 Warning
Non-clocked latch  
The latch state_machine/password_management/password_main_reg[17]_LDC cannot be properly analyzed as its control pin state_machine/password_management/password_main_reg[17]_LDC/G is not reached by a timing clock
Related violations: <none>

TIMING-20#37 Warning
Non-clocked latch  
The latch state_machine/password_management/password_main_reg[18]_LDC cannot be properly analyzed as its control pin state_machine/password_management/password_main_reg[18]_LDC/G is not reached by a timing clock
Related violations: <none>

TIMING-20#38 Warning
Non-clocked latch  
The latch state_machine/password_management/password_main_reg[19]_LDC cannot be properly analyzed as its control pin state_machine/password_management/password_main_reg[19]_LDC/G is not reached by a timing clock
Related violations: <none>

TIMING-20#39 Warning
Non-clocked latch  
The latch state_machine/password_management/password_main_reg[1]_LDC cannot be properly analyzed as its control pin state_machine/password_management/password_main_reg[1]_LDC/G is not reached by a timing clock
Related violations: <none>

TIMING-20#40 Warning
Non-clocked latch  
The latch state_machine/password_management/password_main_reg[20]_LDC cannot be properly analyzed as its control pin state_machine/password_management/password_main_reg[20]_LDC/G is not reached by a timing clock
Related violations: <none>

TIMING-20#41 Warning
Non-clocked latch  
The latch state_machine/password_management/password_main_reg[21]_LDC cannot be properly analyzed as its control pin state_machine/password_management/password_main_reg[21]_LDC/G is not reached by a timing clock
Related violations: <none>

TIMING-20#42 Warning
Non-clocked latch  
The latch state_machine/password_management/password_main_reg[22]_LDC cannot be properly analyzed as its control pin state_machine/password_management/password_main_reg[22]_LDC/G is not reached by a timing clock
Related violations: <none>

TIMING-20#43 Warning
Non-clocked latch  
The latch state_machine/password_management/password_main_reg[23]_LDC cannot be properly analyzed as its control pin state_machine/password_management/password_main_reg[23]_LDC/G is not reached by a timing clock
Related violations: <none>

TIMING-20#44 Warning
Non-clocked latch  
The latch state_machine/password_management/password_main_reg[2]_LDC cannot be properly analyzed as its control pin state_machine/password_management/password_main_reg[2]_LDC/G is not reached by a timing clock
Related violations: <none>

TIMING-20#45 Warning
Non-clocked latch  
The latch state_machine/password_management/password_main_reg[3]_LDC cannot be properly analyzed as its control pin state_machine/password_management/password_main_reg[3]_LDC/G is not reached by a timing clock
Related violations: <none>

TIMING-20#46 Warning
Non-clocked latch  
The latch state_machine/password_management/password_main_reg[4]_LDC cannot be properly analyzed as its control pin state_machine/password_management/password_main_reg[4]_LDC/G is not reached by a timing clock
Related violations: <none>

TIMING-20#47 Warning
Non-clocked latch  
The latch state_machine/password_management/password_main_reg[5]_LDC cannot be properly analyzed as its control pin state_machine/password_management/password_main_reg[5]_LDC/G is not reached by a timing clock
Related violations: <none>

TIMING-20#48 Warning
Non-clocked latch  
The latch state_machine/password_management/password_main_reg[6]_LDC cannot be properly analyzed as its control pin state_machine/password_management/password_main_reg[6]_LDC/G is not reached by a timing clock
Related violations: <none>

TIMING-20#49 Warning
Non-clocked latch  
The latch state_machine/password_management/password_main_reg[7]_LDC cannot be properly analyzed as its control pin state_machine/password_management/password_main_reg[7]_LDC/G is not reached by a timing clock
Related violations: <none>

TIMING-20#50 Warning
Non-clocked latch  
The latch state_machine/password_management/password_main_reg[8]_LDC cannot be properly analyzed as its control pin state_machine/password_management/password_main_reg[8]_LDC/G is not reached by a timing clock
Related violations: <none>

TIMING-20#51 Warning
Non-clocked latch  
The latch state_machine/password_management/password_main_reg[9]_LDC cannot be properly analyzed as its control pin state_machine/password_management/password_main_reg[9]_LDC/G is not reached by a timing clock
Related violations: <none>

TIMING-20#52 Warning
Non-clocked latch  
The latch state_machine/renew_reg cannot be properly analyzed as its control pin state_machine/renew_reg/G is not reached by a timing clock
Related violations: <none>

TIMING-20#53 Warning
Non-clocked latch  
The latch state_machine/warning_num_reg[0] cannot be properly analyzed as its control pin state_machine/warning_num_reg[0]/G is not reached by a timing clock
Related violations: <none>

TIMING-20#54 Warning
Non-clocked latch  
The latch state_machine/warning_num_reg[1] cannot be properly analyzed as its control pin state_machine/warning_num_reg[1]/G is not reached by a timing clock
Related violations: <none>

TIMING-20#55 Warning
Non-clocked latch  
The latch state_machine/warning_num_reg[2] cannot be properly analyzed as its control pin state_machine/warning_num_reg[2]/G is not reached by a timing clock
Related violations: <none>


