Copyright 1986-2021 Xilinx, Inc. All Rights Reserved.
--------------------------------------------------------------------------------------------------------------------------------------------------------------------------------
| Tool Version : Vivado v.2021.1 (win64) Build 3247384 Thu Jun 10 19:36:33 MDT 2021
| Date         : Wed Oct 25 22:48:53 2023
| Host         : xiaoxin running 64-bit major release  (build 9200)
| Command      : report_timing_summary -max_paths 10 -file top_timing_summary_routed.rpt -pb top_timing_summary_routed.pb -rpx top_timing_summary_routed.rpx -warn_on_violation
| Design       : top
| Device       : 7a100t-csg324
| Speed File   : -1  PRODUCTION 1.23 2018-06-13
--------------------------------------------------------------------------------------------------------------------------------------------------------------------------------

Timing Summary Report

------------------------------------------------------------------------------------------------
| Timer Settings
| --------------
------------------------------------------------------------------------------------------------

  Enable Multi Corner Analysis               :  Yes
  Enable Pessimism Removal                   :  Yes
  Pessimism Removal Resolution               :  Nearest Common Node
  Enable Input Delay Default Clock           :  No
  Enable Preset / Clear Arcs                 :  No
  Disable Flight Delays                      :  No
  Ignore I/O Paths                           :  No
  Timing Early Launch at Borrowing Latches   :  No
  Borrow Time for Max Delay Exceptions       :  Yes
  Merge Timing Exceptions                    :  Yes

  Corner  Analyze    Analyze    
  Name    Max Paths  Min Paths  
  ------  ---------  ---------  
  Slow    Yes        Yes        
  Fast    Yes        Yes        


------------------------------------------------------------------------------------------------
| Report Methodology
| ------------------
------------------------------------------------------------------------------------------------

Rule       Severity          Description                  Violations  
---------  ----------------  ---------------------------  ----------  
TIMING-17  Critical Warning  Non-clocked sequential cell  151         
TIMING-20  Warning           Non-clocked latch            54          

Note: This report is based on the most recent report_methodology run and may not be up-to-date. Run report_methodology on the current design for the latest report.



check_timing report

Table of Contents
-----------------
1. checking no_clock (1757)
2. checking constant_clock (0)
3. checking pulse_width_clock (0)
4. checking unconstrained_internal_endpoints (377)
5. checking no_input_delay (4)
6. checking no_output_delay (18)
7. checking multiple_clock (0)
8. checking generated_clocks (0)
9. checking loops (0)
10. checking partial_input_delay (0)
11. checking partial_output_delay (0)
12. checking latch_loops (5)

1. checking no_clock (1757)
---------------------------
 There are 30 register/latch pins with no clock driven by root clock pin: clk (HIGH)

 There are 50 register/latch pins with no clock driven by root clock pin: eliminate_dithering1/FSM_sequential_state_reg[0]/Q (HIGH)

 There are 50 register/latch pins with no clock driven by root clock pin: eliminate_dithering1/FSM_sequential_state_reg[1]/Q (HIGH)

 There are 2 register/latch pins with no clock driven by root clock pin: eliminate_dithering2/FSM_sequential_state_reg[0]/Q (HIGH)

 There are 2 register/latch pins with no clock driven by root clock pin: eliminate_dithering2/FSM_sequential_state_reg[1]/Q (HIGH)

 There are 27 register/latch pins with no clock driven by root clock pin: frequency_division/clk1k_reg/Q (HIGH)

 There are 4 register/latch pins with no clock driven by root clock pin: frequency_division/clk2k_reg/Q (HIGH)

 There are 3 register/latch pins with no clock driven by root clock pin: frequency_division/clk3k_reg/Q (HIGH)

 There are 2 register/latch pins with no clock driven by root clock pin: new_machine/passowrd_main_reg[0]/Q (HIGH)

 There are 2 register/latch pins with no clock driven by root clock pin: new_machine/passowrd_main_reg[10]/Q (HIGH)

 There are 2 register/latch pins with no clock driven by root clock pin: new_machine/passowrd_main_reg[11]/Q (HIGH)

 There are 2 register/latch pins with no clock driven by root clock pin: new_machine/passowrd_main_reg[12]/Q (HIGH)

 There are 2 register/latch pins with no clock driven by root clock pin: new_machine/passowrd_main_reg[13]/Q (HIGH)

 There are 2 register/latch pins with no clock driven by root clock pin: new_machine/passowrd_main_reg[14]/Q (HIGH)

 There are 2 register/latch pins with no clock driven by root clock pin: new_machine/passowrd_main_reg[15]/Q (HIGH)

 There are 2 register/latch pins with no clock driven by root clock pin: new_machine/passowrd_main_reg[16]/Q (HIGH)

 There are 2 register/latch pins with no clock driven by root clock pin: new_machine/passowrd_main_reg[17]/Q (HIGH)

 There are 2 register/latch pins with no clock driven by root clock pin: new_machine/passowrd_main_reg[18]/Q (HIGH)

 There are 2 register/latch pins with no clock driven by root clock pin: new_machine/passowrd_main_reg[19]/Q (HIGH)

 There are 2 register/latch pins with no clock driven by root clock pin: new_machine/passowrd_main_reg[1]/Q (HIGH)

 There are 2 register/latch pins with no clock driven by root clock pin: new_machine/passowrd_main_reg[20]/Q (HIGH)

 There are 2 register/latch pins with no clock driven by root clock pin: new_machine/passowrd_main_reg[21]/Q (HIGH)

 There are 2 register/latch pins with no clock driven by root clock pin: new_machine/passowrd_main_reg[22]/Q (HIGH)

 There are 2 register/latch pins with no clock driven by root clock pin: new_machine/passowrd_main_reg[23]/Q (HIGH)

 There are 2 register/latch pins with no clock driven by root clock pin: new_machine/passowrd_main_reg[2]/Q (HIGH)

 There are 2 register/latch pins with no clock driven by root clock pin: new_machine/passowrd_main_reg[3]/Q (HIGH)

 There are 2 register/latch pins with no clock driven by root clock pin: new_machine/passowrd_main_reg[4]/Q (HIGH)

 There are 2 register/latch pins with no clock driven by root clock pin: new_machine/passowrd_main_reg[5]/Q (HIGH)

 There are 2 register/latch pins with no clock driven by root clock pin: new_machine/passowrd_main_reg[6]/Q (HIGH)

 There are 2 register/latch pins with no clock driven by root clock pin: new_machine/passowrd_main_reg[7]/Q (HIGH)

 There are 2 register/latch pins with no clock driven by root clock pin: new_machine/passowrd_main_reg[8]/Q (HIGH)

 There are 2 register/latch pins with no clock driven by root clock pin: new_machine/passowrd_main_reg[9]/Q (HIGH)

 There are 24 register/latch pins with no clock driven by root clock pin: new_machine/passowrd_reg_one_reg[0]/Q (HIGH)

 There are 24 register/latch pins with no clock driven by root clock pin: new_machine/passowrd_reg_one_reg[10]/Q (HIGH)

 There are 24 register/latch pins with no clock driven by root clock pin: new_machine/passowrd_reg_one_reg[11]/Q (HIGH)

 There are 24 register/latch pins with no clock driven by root clock pin: new_machine/passowrd_reg_one_reg[12]/Q (HIGH)

 There are 24 register/latch pins with no clock driven by root clock pin: new_machine/passowrd_reg_one_reg[13]/Q (HIGH)

 There are 24 register/latch pins with no clock driven by root clock pin: new_machine/passowrd_reg_one_reg[14]/Q (HIGH)

 There are 24 register/latch pins with no clock driven by root clock pin: new_machine/passowrd_reg_one_reg[15]/Q (HIGH)

 There are 24 register/latch pins with no clock driven by root clock pin: new_machine/passowrd_reg_one_reg[16]/Q (HIGH)

 There are 24 register/latch pins with no clock driven by root clock pin: new_machine/passowrd_reg_one_reg[17]/Q (HIGH)

 There are 24 register/latch pins with no clock driven by root clock pin: new_machine/passowrd_reg_one_reg[18]/Q (HIGH)

 There are 24 register/latch pins with no clock driven by root clock pin: new_machine/passowrd_reg_one_reg[19]/Q (HIGH)

 There are 24 register/latch pins with no clock driven by root clock pin: new_machine/passowrd_reg_one_reg[1]/Q (HIGH)

 There are 24 register/latch pins with no clock driven by root clock pin: new_machine/passowrd_reg_one_reg[20]/Q (HIGH)

 There are 24 register/latch pins with no clock driven by root clock pin: new_machine/passowrd_reg_one_reg[21]/Q (HIGH)

 There are 24 register/latch pins with no clock driven by root clock pin: new_machine/passowrd_reg_one_reg[22]/Q (HIGH)

 There are 24 register/latch pins with no clock driven by root clock pin: new_machine/passowrd_reg_one_reg[23]/Q (HIGH)

 There are 24 register/latch pins with no clock driven by root clock pin: new_machine/passowrd_reg_one_reg[2]/Q (HIGH)

 There are 24 register/latch pins with no clock driven by root clock pin: new_machine/passowrd_reg_one_reg[3]/Q (HIGH)

 There are 24 register/latch pins with no clock driven by root clock pin: new_machine/passowrd_reg_one_reg[4]/Q (HIGH)

 There are 24 register/latch pins with no clock driven by root clock pin: new_machine/passowrd_reg_one_reg[5]/Q (HIGH)

 There are 24 register/latch pins with no clock driven by root clock pin: new_machine/passowrd_reg_one_reg[6]/Q (HIGH)

 There are 24 register/latch pins with no clock driven by root clock pin: new_machine/passowrd_reg_one_reg[7]/Q (HIGH)

 There are 24 register/latch pins with no clock driven by root clock pin: new_machine/passowrd_reg_one_reg[8]/Q (HIGH)

 There are 24 register/latch pins with no clock driven by root clock pin: new_machine/passowrd_reg_one_reg[9]/Q (HIGH)

 There are 50 register/latch pins with no clock driven by root clock pin: new_machine/state_reg[0]/Q (HIGH)

 There are 50 register/latch pins with no clock driven by root clock pin: new_machine/state_reg[1]/Q (HIGH)

 There are 50 register/latch pins with no clock driven by root clock pin: new_machine/state_reg[2]/Q (HIGH)

 There are 50 register/latch pins with no clock driven by root clock pin: new_machine/state_reg[3]/Q (HIGH)

 There are 56 register/latch pins with no clock driven by root clock pin: nolabel_line67/bluetooth/frequency_1_2/clk50m_reg/Q (HIGH)

 There are 31 register/latch pins with no clock driven by root clock pin: nolabel_line67/bluetooth/uart_r_1/message_reg[7]/Q (HIGH)

 There are 26 register/latch pins with no clock driven by root clock pin: nolabel_line67/password_bcd_reg[0]/Q (HIGH)

 There are 26 register/latch pins with no clock driven by root clock pin: nolabel_line67/password_bcd_reg[10]/Q (HIGH)

 There are 26 register/latch pins with no clock driven by root clock pin: nolabel_line67/password_bcd_reg[11]/Q (HIGH)

 There are 26 register/latch pins with no clock driven by root clock pin: nolabel_line67/password_bcd_reg[12]/Q (HIGH)

 There are 26 register/latch pins with no clock driven by root clock pin: nolabel_line67/password_bcd_reg[13]/Q (HIGH)

 There are 26 register/latch pins with no clock driven by root clock pin: nolabel_line67/password_bcd_reg[14]/Q (HIGH)

 There are 26 register/latch pins with no clock driven by root clock pin: nolabel_line67/password_bcd_reg[15]/Q (HIGH)

 There are 26 register/latch pins with no clock driven by root clock pin: nolabel_line67/password_bcd_reg[16]/Q (HIGH)

 There are 26 register/latch pins with no clock driven by root clock pin: nolabel_line67/password_bcd_reg[17]/Q (HIGH)

 There are 26 register/latch pins with no clock driven by root clock pin: nolabel_line67/password_bcd_reg[18]/Q (HIGH)

 There are 26 register/latch pins with no clock driven by root clock pin: nolabel_line67/password_bcd_reg[19]/Q (HIGH)

 There are 26 register/latch pins with no clock driven by root clock pin: nolabel_line67/password_bcd_reg[1]/Q (HIGH)

 There are 26 register/latch pins with no clock driven by root clock pin: nolabel_line67/password_bcd_reg[20]/Q (HIGH)

 There are 26 register/latch pins with no clock driven by root clock pin: nolabel_line67/password_bcd_reg[21]/Q (HIGH)

 There are 26 register/latch pins with no clock driven by root clock pin: nolabel_line67/password_bcd_reg[22]/Q (HIGH)

 There are 26 register/latch pins with no clock driven by root clock pin: nolabel_line67/password_bcd_reg[23]/Q (HIGH)

 There are 26 register/latch pins with no clock driven by root clock pin: nolabel_line67/password_bcd_reg[2]/Q (HIGH)

 There are 26 register/latch pins with no clock driven by root clock pin: nolabel_line67/password_bcd_reg[3]/Q (HIGH)

 There are 26 register/latch pins with no clock driven by root clock pin: nolabel_line67/password_bcd_reg[4]/Q (HIGH)

 There are 26 register/latch pins with no clock driven by root clock pin: nolabel_line67/password_bcd_reg[5]/Q (HIGH)

 There are 26 register/latch pins with no clock driven by root clock pin: nolabel_line67/password_bcd_reg[6]/Q (HIGH)

 There are 26 register/latch pins with no clock driven by root clock pin: nolabel_line67/password_bcd_reg[7]/Q (HIGH)

 There are 26 register/latch pins with no clock driven by root clock pin: nolabel_line67/password_bcd_reg[8]/Q (HIGH)

 There are 26 register/latch pins with no clock driven by root clock pin: nolabel_line67/password_bcd_reg[9]/Q (HIGH)

 There are 54 register/latch pins with no clock driven by root clock pin: state_delay/reset_reg/Q (HIGH)


2. checking constant_clock (0)
------------------------------
 There are 0 register/latch pins with constant_clock.


3. checking pulse_width_clock (0)
---------------------------------
 There are 0 register/latch pins which need pulse_width check


4. checking unconstrained_internal_endpoints (377)
--------------------------------------------------
 There are 377 pins that are not constrained for maximum delay. (HIGH)

 There are 0 pins that are not constrained for maximum delay due to constant clock.


5. checking no_input_delay (4)
------------------------------
 There are 4 input ports with no input delay specified. (HIGH)

 There are 0 input ports with no input delay but user has a false path constraint.


6. checking no_output_delay (18)
--------------------------------
 There are 18 ports with no output delay specified. (HIGH)

 There are 0 ports with no output delay but user has a false path constraint

 There are 0 ports with no output delay but with a timing clock defined on it or propagating through it


7. checking multiple_clock (0)
------------------------------
 There are 0 register/latch pins with multiple clocks.


8. checking generated_clocks (0)
--------------------------------
 There are 0 generated clocks that are not connected to a clock source.


9. checking loops (0)
---------------------
 There are 0 combinational loops in the design.


10. checking partial_input_delay (0)
------------------------------------
 There are 0 input ports with partial input delay specified.


11. checking partial_output_delay (0)
-------------------------------------
 There are 0 ports with partial output delay specified.


12. checking latch_loops (5)
----------------------------
 There are 5 combinational latch loops in the design through latch input (HIGH)



------------------------------------------------------------------------------------------------
| Design Timing Summary
| ---------------------
------------------------------------------------------------------------------------------------

    WNS(ns)      TNS(ns)  TNS Failing Endpoints  TNS Total Endpoints      WHS(ns)      THS(ns)  THS Failing Endpoints  THS Total Endpoints     WPWS(ns)     TPWS(ns)  TPWS Failing Endpoints  TPWS Total Endpoints  
    -------      -------  ---------------------  -------------------      -------      -------  ---------------------  -------------------     --------     --------  ----------------------  --------------------  
         NA           NA                     NA                   NA           NA           NA                     NA                   NA           NA           NA                      NA                    NA  


There are no user specified timing constraints.


------------------------------------------------------------------------------------------------
| Clock Summary
| -------------
------------------------------------------------------------------------------------------------


------------------------------------------------------------------------------------------------
| Intra Clock Table
| -----------------
------------------------------------------------------------------------------------------------

Clock             WNS(ns)      TNS(ns)  TNS Failing Endpoints  TNS Total Endpoints      WHS(ns)      THS(ns)  THS Failing Endpoints  THS Total Endpoints     WPWS(ns)     TPWS(ns)  TPWS Failing Endpoints  TPWS Total Endpoints  
-----             -------      -------  ---------------------  -------------------      -------      -------  ---------------------  -------------------     --------     --------  ----------------------  --------------------  


------------------------------------------------------------------------------------------------
| Inter Clock Table
| -----------------
------------------------------------------------------------------------------------------------

From Clock    To Clock          WNS(ns)      TNS(ns)  TNS Failing Endpoints  TNS Total Endpoints      WHS(ns)      THS(ns)  THS Failing Endpoints  THS Total Endpoints  
----------    --------          -------      -------  ---------------------  -------------------      -------      -------  ---------------------  -------------------  


------------------------------------------------------------------------------------------------
| Other Path Groups Table
| -----------------------
------------------------------------------------------------------------------------------------

Path Group    From Clock    To Clock          WNS(ns)      TNS(ns)  TNS Failing Endpoints  TNS Total Endpoints      WHS(ns)      THS(ns)  THS Failing Endpoints  THS Total Endpoints  
----------    ----------    --------          -------      -------  ---------------------  -------------------      -------      -------  ---------------------  -------------------  


------------------------------------------------------------------------------------------------
| Timing Details
| --------------
------------------------------------------------------------------------------------------------


