
*** Running vivado
    with args -log top.vds -m64 -product Vivado -mode batch -messageDb vivado.pb -notrace -source top.tcl



****** Vivado v2021.1 (64-bit)
  **** SW Build 3247384 on Thu Jun 10 19:36:33 MDT 2021
  **** IP Build 3246043 on Fri Jun 11 00:30:35 MDT 2021
    ** Copyright 1986-2021 Xilinx, Inc. All Rights Reserved.

source top.tcl -notrace
Command: synth_design -top top -part xc7a100tcsg324-1
Starting synth_design
Attempting to get a license for feature 'Synthesis' and/or device 'xc7a100t'
INFO: [Common 17-349] Got license for feature 'Synthesis' and/or device 'xc7a100t'
INFO: [Device 21-403] Loading part xc7a100tcsg324-1
INFO: [Synth 8-7079] Multithreading enabled for synth_design using a maximum of 2 processes.
INFO: [Synth 8-7078] Launching helper process for spawning children vivado processes
INFO: [Synth 8-7075] Helper process launched with PID 11556
---------------------------------------------------------------------------------
Starting RTL Elaboration : Time (s): cpu = 00:00:03 ; elapsed = 00:00:06 . Memory (MB): peak = 1134.699 ; gain = 0.000
---------------------------------------------------------------------------------
INFO: [Synth 8-6157] synthesizing module 'top' [D:/Desktop/smart_password_lock/smart_password_lock.srcs/sources_1/new/top.v:24]
INFO: [Synth 8-6157] synthesizing module 'frequency_division' [D:/Desktop/smart_password_lock/smart_password_lock.srcs/sources_1/new/frequency_division.v:23]
INFO: [Synth 8-6155] done synthesizing module 'frequency_division' (1#1) [D:/Desktop/smart_password_lock/smart_password_lock.srcs/sources_1/new/frequency_division.v:23]
INFO: [Synth 8-6157] synthesizing module 'password_in' [D:/Desktop/smart_password_lock/smart_password_lock.srcs/sources_1/new/password_in.v:22]
INFO: [Synth 8-6157] synthesizing module 'bluetooth' [D:/Desktop/smart_password_lock/smart_password_lock.srcs/sources_1/new/bluetooth.v:23]
INFO: [Synth 8-6157] synthesizing module 'frequency_1_2' [D:/Desktop/smart_password_lock/smart_password_lock.srcs/sources_1/new/frequency_1_2.v:23]
INFO: [Synth 8-6155] done synthesizing module 'frequency_1_2' (2#1) [D:/Desktop/smart_password_lock/smart_password_lock.srcs/sources_1/new/frequency_1_2.v:23]
INFO: [Synth 8-6157] synthesizing module 'uart_r' [D:/Desktop/smart_password_lock/smart_password_lock.srcs/sources_1/new/uart_r.v:22]
INFO: [Synth 8-6155] done synthesizing module 'uart_r' (3#1) [D:/Desktop/smart_password_lock/smart_password_lock.srcs/sources_1/new/uart_r.v:22]
INFO: [Synth 8-6157] synthesizing module 'uart_t' [D:/Desktop/smart_password_lock/smart_password_lock.srcs/sources_1/new/uart_t.v:23]
INFO: [Synth 8-6155] done synthesizing module 'uart_t' (4#1) [D:/Desktop/smart_password_lock/smart_password_lock.srcs/sources_1/new/uart_t.v:23]
INFO: [Synth 8-6155] done synthesizing module 'bluetooth' (5#1) [D:/Desktop/smart_password_lock/smart_password_lock.srcs/sources_1/new/bluetooth.v:23]
WARNING: [Synth 8-567] referenced signal 'password_bcd' should be on the sensitivity list [D:/Desktop/smart_password_lock/smart_password_lock.srcs/sources_1/new/password_in.v:121]
INFO: [Synth 8-6157] synthesizing module 'bcd_view_out' [D:/Desktop/smart_password_lock/smart_password_lock.srcs/sources_1/new/bcd_view_out.v:23]
WARNING: [Synth 8-567] referenced signal 'data_bcd' should be on the sensitivity list [D:/Desktop/smart_password_lock/smart_password_lock.srcs/sources_1/new/bcd_view_out.v:40]
INFO: [Synth 8-6155] done synthesizing module 'bcd_view_out' (6#1) [D:/Desktop/smart_password_lock/smart_password_lock.srcs/sources_1/new/bcd_view_out.v:23]
INFO: [Synth 8-6157] synthesizing module 'display_decode' [D:/Desktop/smart_password_lock/smart_password_lock.srcs/sources_1/new/display_decode.v:23]
INFO: [Synth 8-6155] done synthesizing module 'display_decode' (7#1) [D:/Desktop/smart_password_lock/smart_password_lock.srcs/sources_1/new/display_decode.v:23]
INFO: [Synth 8-6155] done synthesizing module 'password_in' (8#1) [D:/Desktop/smart_password_lock/smart_password_lock.srcs/sources_1/new/password_in.v:22]
INFO: [Synth 8-6157] synthesizing module 'password_in_delay' [D:/Desktop/smart_password_lock/smart_password_lock.srcs/sources_1/new/password_in_delay.v:23]
INFO: [Synth 8-6155] done synthesizing module 'password_in_delay' (9#1) [D:/Desktop/smart_password_lock/smart_password_lock.srcs/sources_1/new/password_in_delay.v:23]
INFO: [Synth 8-6157] synthesizing module 'state_machine' [D:/Desktop/smart_password_lock/smart_password_lock.srcs/sources_1/new/state_machine.v:23]
INFO: [Synth 8-6157] synthesizing module 'password_management' [D:/Desktop/smart_password_lock/smart_password_lock.srcs/sources_1/new/password_management.v:23]
INFO: [Synth 8-6155] done synthesizing module 'password_management' (10#1) [D:/Desktop/smart_password_lock/smart_password_lock.srcs/sources_1/new/password_management.v:23]
WARNING: [Synth 8-567] referenced signal 'state' should be on the sensitivity list [D:/Desktop/smart_password_lock/smart_password_lock.srcs/sources_1/new/state_machine.v:67]
WARNING: [Synth 8-567] referenced signal 'result_password_manage' should be on the sensitivity list [D:/Desktop/smart_password_lock/smart_password_lock.srcs/sources_1/new/state_machine.v:67]
WARNING: [Synth 8-567] referenced signal 'warning_num' should be on the sensitivity list [D:/Desktop/smart_password_lock/smart_password_lock.srcs/sources_1/new/state_machine.v:67]
WARNING: [Synth 8-567] referenced signal 'password' should be on the sensitivity list [D:/Desktop/smart_password_lock/smart_password_lock.srcs/sources_1/new/state_machine.v:67]
WARNING: [Synth 8-567] referenced signal 'passowrd_reg_one' should be on the sensitivity list [D:/Desktop/smart_password_lock/smart_password_lock.srcs/sources_1/new/state_machine.v:67]
INFO: [Synth 8-6155] done synthesizing module 'state_machine' (11#1) [D:/Desktop/smart_password_lock/smart_password_lock.srcs/sources_1/new/state_machine.v:23]
INFO: [Synth 8-6157] synthesizing module 'state_delay' [D:/Desktop/smart_password_lock/smart_password_lock.srcs/sources_1/new/state_delay.v:23]
INFO: [Synth 8-6155] done synthesizing module 'state_delay' (12#1) [D:/Desktop/smart_password_lock/smart_password_lock.srcs/sources_1/new/state_delay.v:23]
CRITICAL WARNING: [Synth 8-6859] multi-driven net on pin D:/Desktop/smart_password_lock/smart_password_lock.srcs/sources_1/new/top.v-73.16 with 1st driver pin 'top:/password_in_delay/clear' [D:/Desktop/smart_password_lock/smart_password_lock.srcs/sources_1/new/top.v:73]
CRITICAL WARNING: [Synth 8-6859] multi-driven net on pin D:/Desktop/smart_password_lock/smart_password_lock.srcs/sources_1/new/top.v-73.16 with 2nd driver pin 'VCC' [D:/Desktop/smart_password_lock/smart_password_lock.srcs/sources_1/new/top.v:73]
CRITICAL WARNING: [Synth 8-6858] multi-driven net D:/Desktop/smart_password_lock/smart_password_lock.srcs/sources_1/new/top.v-73.16 is connected to at least one constant driver which has been preserved, other driver is ignored [D:/Desktop/smart_password_lock/smart_password_lock.srcs/sources_1/new/top.v:73]
CRITICAL WARNING: [Synth 8-6859] multi-driven net on pin D:/Desktop/smart_password_lock/smart_password_lock.srcs/sources_1/new/top.v-79.18 with 1st driver pin 'top:/password_in/password_bcd[0]' [D:/Desktop/smart_password_lock/smart_password_lock.srcs/sources_1/new/top.v:79]
CRITICAL WARNING: [Synth 8-6859] multi-driven net on pin D:/Desktop/smart_password_lock/smart_password_lock.srcs/sources_1/new/top.v-79.18 with 2nd driver pin 'GND' [D:/Desktop/smart_password_lock/smart_password_lock.srcs/sources_1/new/top.v:79]
CRITICAL WARNING: [Synth 8-6858] multi-driven net D:/Desktop/smart_password_lock/smart_password_lock.srcs/sources_1/new/top.v-79.18 is connected to at least one constant driver which has been preserved, other driver is ignored [D:/Desktop/smart_password_lock/smart_password_lock.srcs/sources_1/new/top.v:79]
INFO: [Synth 8-6155] done synthesizing module 'top' (13#1) [D:/Desktop/smart_password_lock/smart_password_lock.srcs/sources_1/new/top.v:24]
---------------------------------------------------------------------------------
Finished RTL Elaboration : Time (s): cpu = 00:00:04 ; elapsed = 00:00:07 . Memory (MB): peak = 1134.699 ; gain = 0.000
---------------------------------------------------------------------------------
---------------------------------------------------------------------------------
Start Handling Custom Attributes
---------------------------------------------------------------------------------
---------------------------------------------------------------------------------
Finished Handling Custom Attributes : Time (s): cpu = 00:00:05 ; elapsed = 00:00:08 . Memory (MB): peak = 1134.699 ; gain = 0.000
---------------------------------------------------------------------------------
---------------------------------------------------------------------------------
Finished RTL Optimization Phase 1 : Time (s): cpu = 00:00:05 ; elapsed = 00:00:08 . Memory (MB): peak = 1134.699 ; gain = 0.000
---------------------------------------------------------------------------------
Netlist sorting complete. Time (s): cpu = 00:00:00 ; elapsed = 00:00:00.011 . Memory (MB): peak = 1134.699 ; gain = 0.000
INFO: [Project 1-570] Preparing netlist for logic optimization

Processing XDC Constraints
Initializing timing engine
Parsing XDC File [D:/Desktop/smart_password_lock/smart_password_lock.srcs/constrs_1/new/TOP.xdc]
Finished Parsing XDC File [D:/Desktop/smart_password_lock/smart_password_lock.srcs/constrs_1/new/TOP.xdc]
INFO: [Project 1-236] Implementation specific constraints were found while reading constraint file [D:/Desktop/smart_password_lock/smart_password_lock.srcs/constrs_1/new/TOP.xdc]. These constraints will be ignored for synthesis but will be used in implementation. Impacted constraints are listed in the file [.Xil/top_propImpl.xdc].
Resolution: To avoid this warning, move constraints listed in [.Xil/top_propImpl.xdc] to another XDC file and exclude this new file from synthesis with the used_in_synthesis property (File Properties dialog in GUI) and re-run elaboration/synthesis.
Completed Processing XDC Constraints

Netlist sorting complete. Time (s): cpu = 00:00:00 ; elapsed = 00:00:00 . Memory (MB): peak = 1134.699 ; gain = 0.000
INFO: [Project 1-111] Unisim Transformation Summary:
No Unisim elements were transformed.

Constraint Validation Runtime : Time (s): cpu = 00:00:00 ; elapsed = 00:00:00.011 . Memory (MB): peak = 1134.699 ; gain = 0.000
