# //  ModelSim SE-64 10.4 Dec  3 2014 
# //
# //  Copyright 1991-2014 Mentor Graphics Corporation
# //  All Rights Reserved.
# //
# //  THIS WORK CONTAINS TRADE SECRET AND PROPRIETARY INFORMATION
# //  WHICH IS THE PROPERTY OF MENTOR GRAPHICS CORPORATION OR ITS
# //  LICENSORS AND IS SUBJECT TO LICENSE TERMS.
# //  THIS DOCUMENT CONTAINS TRADE SECRETS AND COMMERCIAL OR FINANCIAL
# //  INFORMATION THAT ARE PRIVILEGED, CONFIDENTIAL, AND EXEMPT FROM
# //  DISCLOSURE UNDER THE FREEDOM OF INFORMATION ACT, 5 U.S.C. SECTION 552.
# //  FURTHERMORE, THIS INFORMATION IS PROHIBITED FROM DISCLOSURE UNDER
# //  THE TRADE SECRETS ACT, 18 U.S.C. SECTION 1905.
# //
# do {testbench_simulate.do}
# vsim -do "do {testbench_simulate.do}" -l simulate.log 
# Start time: 19:16:51 on Oct 24,2023
# ** Note: (vsim-3812) Design is being optimized...
# 
# ** Error: ../../../../smart_password_lock.srcs/sim_1/new/fre_tb.v(62): (vopt-2912) Port 'sys_clk' not found in module 'bluetooth' (1st connection).
# 
# Optimization failed
# Error loading design
# Error: Error loading design
#        Pausing macro execution
# MACRO ./testbench_simulate.do PAUSED at line 9
# End time: 19:17:17 on Oct 24,2023, Elapsed time: 0:00:26
# Errors: 1, Warnings: 0
